####### AxB_1 #######
Matriz A
3.47 3.91 9.30 0.93 8.77 8.64 1.59 4.38 -6.21 2.70 
4.51 1.41 -4.02 2.71 5.99 -2.61 0.78 3.17 2.51 5.95 
2.79 -1.47 9.51 -4.81 4.80 3.01 -4.11 5.60 5.12 4.47 
4.18 9.28 6.62 -7.54 -6.28 0.04 8.64 -5.66 4.67 -1.63 
8.95 7.47 -0.14 4.99 8.86 4.28 5.17 -8.84 9.60 7.38 
3.15 9.11 -9.68 5.73 6.03 -7.95 5.02 5.66 4.97 9.48 
-0.49 -9.98 6.07 8.29 9.37 5.02 -7.39 1.79 5.84 8.81 
7.27 -9.79 -2.22 1.21 -6.43 5.22 3.01 4.50 -2.56 5.63 
-1.02 8.08 -9.56 5.49 6.37 -1.96 -6.71 4.70 -7.99 -8.07 
-9.79 -2.70 -6.26 7.75 1.87 -3.01 5.77 -5.46 -9.49 -0.73 

Matriz B
-9.64 -9.16 -0.26 4.51 -5.09 1.42 -3.36 4.64 9.98 -5.65 
1.49 4.90 3.86 -7.04 6.17 -5.79 -1.45 9.81 -3.98 4.27 
-2.99 -7.03 -0.02 8.75 -7.26 -3.25 8.21 5.05 3.58 -5.71 
-3.16 -5.34 5.08 -1.16 -0.98 -9.32 8.05 4.93 -5.03 0.30 
-2.79 -5.78 5.97 4.43 -7.06 -9.08 -9.94 -4.76 1.80 8.02 
8.35 4.68 -0.35 1.78 -0.98 2.26 -1.73 -9.56 1.15 -8.79 
-1.90 -3.54 -3.83 -4.43 -9.11 3.90 4.44 4.85 1.12 9.26 
-1.51 4.05 -0.49 -7.32 5.29 -0.71 -6.18 2.24 2.82 7.05 
7.30 2.65 1.30 2.68 -8.02 -3.59 -4.74 -1.65 -0.80 -2.06 
5.54 -5.00 7.62 -8.70 3.31 7.15 -6.63 -1.08 5.37 0.87 

Matriz C
-50.70 -111.07 72.33 43.41 -64.92 -72.02 -44.08 6.52 107.01 -0.60 
-31.41 -80.47 98.85 -77.71 -18.23 -39.92 -150.89 24.57 58.91 104.87 
30.91 -59.14 50.29 90.39 -83.64 -16.81 -127.57 -49.45 135.13 -70.98 
12.61 4.41 -77.87 22.30 -111.89 67.37 90.52 159.48 36.38 -45.71 
35.01 -167.79 156.50 30.96 -216.51 -102.63 -114.20 37.07 67.67 -10.74 
-18.45 -47.90 159.13 -261.54 45.78 -77.44 -202.42 149.24 1.93 280.73 
64.06 -157.18 159.93 120.63 -123.23 -101.70 -99.10 -172.23 76.91 -101.17 
-20.34 -71.19 -47.86 -40.43 -6.65 191.12 -3.47 -64.03 140.26 -97.52 
-98.41 102.80 49.77 -82.65 199.38 -189.12 -69.97 41.62 -126.17 145.25 
-21.81 -9.86 6.51 -90.66 53.02 -18.71 143.61 -13.24 -153.71 157.16 

Vetor V
-98.53 -597.39 627.57 -245.31 -326.89 -359.86 -577.59 119.55 344.31 361.28 

E
-752.84

####### AxB_2 #######
Matriz A
4.87 -3.48 -8.67 -7.04 7.21 4.23 -8.50 -0.88 -1.01 -9.77 
-1.80 7.23 -0.72 4.33 -9.23 8.34 3.68 2.14 7.75 6.44 
0.02 6.38 -9.01 2.80 -7.35 8.58 5.47 2.88 4.79 -5.16 
-1.05 -2.27 -1.37 -6.58 -5.74 -0.37 8.99 -4.51 4.13 1.29 
-4.34 -7.18 -7.63 6.48 6.65 7.19 -6.56 5.28 3.38 5.29 
-6.51 -0.97 -9.29 1.02 -3.10 -6.89 -1.49 4.77 -4.06 -7.28 
-7.09 -2.29 -1.84 7.39 -2.76 -9.97 2.15 -1.35 -3.47 -0.45 
8.40 1.39 -6.57 -0.97 -9.87 5.99 -5.63 -8.02 9.91 8.06 
8.77 -8.76 -7.82 3.92 -8.28 8.17 0.59 -9.21 -3.96 1.17 
-3.09 4.99 -3.61 2.67 -1.10 1.89 -5.85 -7.48 -5.41 7.18 

Matriz B
-6.77 -4.85 4.83 1.55 4.06 -3.83 9.37 2.24 3.55 8.74 
3.30 -8.12 2.63 1.70 -9.81 -4.22 -0.95 9.43 -0.17 1.69 
7.27 0.83 -9.49 -3.24 -3.22 0.16 3.65 -4.30 8.30 8.57 
5.53 7.52 5.30 0.14 -2.35 -8.71 9.17 -7.01 5.69 7.26 
-7.77 -0.56 7.03 -5.90 -3.46 -9.06 5.31 0.58 7.14 -1.92 
8.96 -7.95 4.75 0.67 -3.44 -5.85 -1.13 -5.01 -2.74 -0.25 
1.42 2.63 -5.20 1.47 3.77 -6.69 7.68 5.77 -8.37 -7.20 
-5.57 3.73 -0.22 -3.48 8.81 6.12 4.36 2.77 -0.87 6.93 
7.30 -2.97 -1.62 -6.16 5.67 1.94 4.98 9.20 -4.79 -4.84 
-0.00 -0.23 0.22 -3.83 -7.53 -0.02 1.04 7.01 0.06 -1.39 

Matriz C
-179.08 -113.56 174.00 23.24 86.92 15.61 -98.07 -81.55 21.91 -30.06 
251.08 -85.99 -15.91 -1.96 -54.67 -23.23 37.79 133.36 -147.11 -20.74 
131.58 -90.33 68.33 77.85 67.85 -46.00 11.25 79.51 -207.40 -69.40 
62.59 -26.68 -127.19 30.18 66.88 45.10 -31.79 113.20 -183.15 -179.18 
-15.25 52.05 176.45 -96.82 15.53 -30.40 19.89 -77.26 21.58 -22.87 
-117.00 123.53 16.73 66.28 113.23 118.48 -111.74 -41.98 -70.17 -49.52 
-14.71 198.86 -55.76 32.68 6.01 26.12 -13.72 -59.43 9.38 -27.58 
133.97 -182.88 77.26 26.50 -38.94 31.39 -35.14 124.21 -110.24 -44.34 
37.31 -30.04 100.54 131.74 27.88 -72.81 -9.43 -152.89 -69.37 -13.39 
45.25 -51.73 90.26 46.78 -231.54 -51.43 -127.38 -27.08 42.20 -22.00 

Vetor V
335.75 -206.76 504.71 336.46 59.15 12.83 -358.34 10.10 -692.37 -479.07 

E
-477.53

####### AxB_1 #######
Matriz A
3.47 3.91 9.30 0.93 8.77 8.64 1.59 4.38 -6.21 2.70 
4.51 1.41 -4.02 2.71 5.99 -2.61 0.78 3.17 2.51 5.95 
2.79 -1.47 9.51 -4.81 4.80 3.01 -4.11 5.60 5.12 4.47 
4.18 9.28 6.62 -7.54 -6.28 0.04 8.64 -5.66 4.67 -1.63 
8.95 7.47 -0.14 4.99 8.86 4.28 5.17 -8.84 9.60 7.38 
3.15 9.11 -9.68 5.73 6.03 -7.95 5.02 5.66 4.97 9.48 
-0.49 -9.98 6.07 8.29 9.37 5.02 -7.39 1.79 5.84 8.81 
7.27 -9.79 -2.22 1.21 -6.43 5.22 3.01 4.50 -2.56 5.63 
-1.02 8.08 -9.56 5.49 6.37 -1.96 -6.71 4.70 -7.99 -8.07 
-9.79 -2.70 -6.26 7.75 1.87 -3.01 5.77 -5.46 -9.49 -0.73 

Matriz B
-9.64 -9.16 -0.26 4.51 -5.09 1.42 -3.36 4.64 9.98 -5.65 
1.49 4.90 3.86 -7.04 6.17 -5.79 -1.45 9.81 -3.98 4.27 
-2.99 -7.03 -0.02 8.75 -7.26 -3.25 8.21 5.05 3.58 -5.71 
-3.16 -5.34 5.08 -1.16 -0.98 -9.32 8.05 4.93 -5.03 0.30 
-2.79 -5.78 5.97 4.43 -7.06 -9.08 -9.94 -4.76 1.80 8.02 
8.35 4.68 -0.35 1.78 -0.98 2.26 -1.73 -9.56 1.15 -8.79 
-1.90 -3.54 -3.83 -4.43 -9.11 3.90 4.44 4.85 1.12 9.26 
-1.51 4.05 -0.49 -7.32 5.29 -0.71 -6.18 2.24 2.82 7.05 
7.30 2.65 1.30 2.68 -8.02 -3.59 -4.74 -1.65 -0.80 -2.06 
5.54 -5.00 7.62 -8.70 3.31 7.15 -6.63 -1.08 5.37 0.87 

Matriz C
-50.70 -111.07 72.33 43.41 -64.92 -72.02 -44.08 6.52 107.01 -0.60 
-31.41 -80.47 98.85 -77.71 -18.23 -39.92 -150.89 24.57 58.91 104.87 
30.91 -59.14 50.29 90.39 -83.64 -16.81 -127.57 -49.45 135.13 -70.98 
12.61 4.41 -77.87 22.30 -111.89 67.37 90.52 159.48 36.38 -45.71 
35.01 -167.79 156.50 30.96 -216.51 -102.63 -114.20 37.07 67.67 -10.74 
-18.45 -47.90 159.13 -261.54 45.78 -77.44 -202.42 149.24 1.93 280.73 
64.06 -157.18 159.93 120.63 -123.23 -101.70 -99.10 -172.23 76.91 -101.17 
-20.34 -71.19 -47.86 -40.43 -6.65 191.12 -3.47 -64.03 140.26 -97.52 
-98.41 102.80 49.77 -82.65 199.38 -189.12 -69.97 41.62 -126.17 145.25 
-21.81 -9.86 6.51 -90.66 53.02 -18.71 143.61 -13.24 -153.71 157.16 

Vetor V
-98.53 -597.39 627.57 -245.31 -326.89 -359.86 -577.59 119.55 344.31 361.28 

E
-1505.69

####### AxB_2 #######
Matriz A
4.87 -3.48 -8.67 -7.04 7.21 4.23 -8.50 -0.88 -1.01 -9.77 
-1.80 7.23 -0.72 4.33 -9.23 8.34 3.68 2.14 7.75 6.44 
0.02 6.38 -9.01 2.80 -7.35 8.58 5.47 2.88 4.79 -5.16 
-1.05 -2.27 -1.37 -6.58 -5.74 -0.37 8.99 -4.51 4.13 1.29 
-4.34 -7.18 -7.63 6.48 6.65 7.19 -6.56 5.28 3.38 5.29 
-6.51 -0.97 -9.29 1.02 -3.10 -6.89 -1.49 4.77 -4.06 -7.28 
-7.09 -2.29 -1.84 7.39 -2.76 -9.97 2.15 -1.35 -3.47 -0.45 
8.40 1.39 -6.57 -0.97 -9.87 5.99 -5.63 -8.02 9.91 8.06 
8.77 -8.76 -7.82 3.92 -8.28 8.17 0.59 -9.21 -3.96 1.17 
-3.09 4.99 -3.61 2.67 -1.10 1.89 -5.85 -7.48 -5.41 7.18 

Matriz B
-6.77 -4.85 4.83 1.55 4.06 -3.83 9.37 2.24 3.55 8.74 
3.30 -8.12 2.63 1.70 -9.81 -4.22 -0.95 9.43 -0.17 1.69 
7.27 0.83 -9.49 -3.24 -3.22 0.16 3.65 -4.30 8.30 8.57 
5.53 7.52 5.30 0.14 -2.35 -8.71 9.17 -7.01 5.69 7.26 
-7.77 -0.56 7.03 -5.90 -3.46 -9.06 5.31 0.58 7.14 -1.92 
8.96 -7.95 4.75 0.67 -3.44 -5.85 -1.13 -5.01 -2.74 -0.25 
1.42 2.63 -5.20 1.47 3.77 -6.69 7.68 5.77 -8.37 -7.20 
-5.57 3.73 -0.22 -3.48 8.81 6.12 4.36 2.77 -0.87 6.93 
7.30 -2.97 -1.62 -6.16 5.67 1.94 4.98 9.20 -4.79 -4.84 
-0.00 -0.23 0.22 -3.83 -7.53 -0.02 1.04 7.01 0.06 -1.39 

Matriz C
-179.08 -113.56 174.00 23.24 86.92 15.61 -98.07 -81.55 21.91 -30.06 
251.08 -85.99 -15.91 -1.96 -54.67 -23.23 37.79 133.36 -147.11 -20.74 
131.58 -90.33 68.33 77.85 67.85 -46.00 11.25 79.51 -207.40 -69.40 
62.59 -26.68 -127.19 30.18 66.88 45.10 -31.79 113.20 -183.15 -179.18 
-15.25 52.05 176.45 -96.82 15.53 -30.40 19.89 -77.26 21.58 -22.87 
-117.00 123.53 16.73 66.28 113.23 118.48 -111.74 -41.98 -70.17 -49.52 
-14.71 198.86 -55.76 32.68 6.01 26.12 -13.72 -59.43 9.38 -27.58 
133.97 -182.88 77.26 26.50 -38.94 31.39 -35.14 124.21 -110.24 -44.34 
37.31 -30.04 100.54 131.74 27.88 -72.81 -9.43 -152.89 -69.37 -13.39 
45.25 -51.73 90.26 46.78 -231.54 -51.43 -127.38 -27.08 42.20 -22.00 

Vetor V
335.75 -206.76 504.71 336.46 59.15 12.83 -358.34 10.10 -692.37 -479.07 

E
-955.07

####### AxB_5 #######
Matriz A
-9.41 -3.43 -1.21 -4.16 9.12 -7.82 -4.19 4.79 0.89 -6.11 
-7.77 9.43 8.91 1.39 7.43 -4.40 -5.50 -4.20 2.20 8.51 
-7.61 -0.54 1.79 4.84 -6.85 -5.16 0.86 -5.78 -5.93 -2.45 
8.45 2.66 1.58 -6.86 8.99 -7.23 -1.20 -0.11 0.46 -8.79 
-5.97 1.89 4.59 9.98 -3.67 5.71 0.42 4.45 -9.48 5.55 
-8.18 -7.83 2.85 7.88 -3.03 -2.95 -6.90 -8.21 4.56 -2.54 
6.86 6.68 -6.84 -9.13 -3.27 -6.70 6.53 1.28 -9.40 -1.81 
9.02 8.60 7.11 -7.60 1.84 9.68 7.16 5.64 9.14 1.42 
-0.25 9.24 -6.82 1.25 -9.32 5.11 7.67 4.80 -6.29 -1.90 
9.05 4.26 0.12 3.71 -1.56 -2.97 3.65 7.21 -3.74 -1.81 

Matriz B
5.16 -4.03 5.59 -0.11 2.87 -1.63 -0.48 -7.79 -8.72 6.81 
-0.94 8.61 -6.64 0.89 -8.86 7.81 4.24 -3.00 -4.21 9.51 
4.99 -8.05 -4.43 1.80 8.08 5.72 -5.05 1.99 6.12 -8.88 
5.58 -6.94 2.83 6.94 1.11 5.39 6.56 6.28 8.18 8.80 
-0.57 1.01 -7.10 -2.48 5.72 6.82 -4.24 7.81 -6.84 -3.59 
3.87 4.23 0.99 2.15 -8.20 -8.25 3.75 -2.29 5.33 -5.53 
-4.73 3.73 5.96 4.45 3.23 2.23 3.20 -3.76 -0.81 3.72 
5.26 -6.43 0.33 -8.96 9.97 9.06 -3.89 1.41 0.63 -7.40 
0.98 -5.03 3.28 7.64 9.47 8.24 0.62 -8.75 -8.45 5.00 
0.92 0.15 -2.81 8.74 -6.24 -6.30 -4.52 5.04 3.62 -8.36 

Matriz C
-69.78 -28.69 -112.04 -180.66 186.06 165.80 -103.07 128.12 -72.23 -107.56 
-4.10 16.73 -249.56 111.39 -45.64 145.94 -78.53 165.20 33.71 -81.99 
-61.42 19.11 0.99 31.96 -89.81 -43.51 66.40 81.33 175.43 59.67 
-24.94 -5.17 -48.81 -158.83 170.78 155.52 -74.38 -70.94 -266.16 88.28 
87.44 -23.96 -49.02 39.32 -132.21 -39.42 43.21 186.52 312.03 -119.18 
5.24 -123.88 12.79 110.42 39.42 -21.56 33.98 87.13 143.89 20.18 
-115.06 179.79 28.63 -146.82 -112.53 -54.27 6.69 -104.24 -149.44 122.38 
74.01 20.69 7.36 46.53 86.91 118.29 -24.91 -229.23 -168.85 -28.21 
-30.89 168.09 74.23 -34.79 -206.59 -44.69 151.18 -92.60 65.84 140.38 
68.72 -54.85 57.36 -66.51 68.30 107.11 22.42 -45.08 -44.29 112.41 

Vetor V
-70.77 167.85 -278.05 -248.00 -35.33 489.21 42.99 106.22 29.93 206.35 

E
410.37

####### AxB_6 #######
Matriz A
-2.74 -9.69 0.66 -9.15 1.16 7.83 5.63 -3.42 4.46 2.13 
6.27 -1.72 8.27 3.98 0.02 -1.28 -3.90 1.16 1.25 6.78 
-9.28 -9.21 1.19 -4.26 -2.66 2.64 -4.84 -4.23 -8.19 -2.93 
2.26 9.37 8.07 8.27 8.20 1.49 0.85 7.59 -4.03 2.03 
-6.38 -8.25 3.63 -9.43 1.10 -5.27 9.06 -0.15 -0.63 -8.35 
-0.83 -9.76 -4.67 4.45 -2.84 9.13 6.68 4.49 -9.09 3.09 
4.49 -4.60 -3.48 8.23 -9.33 9.86 -0.73 -1.17 -8.58 0.23 
-3.84 -9.74 -1.58 -8.27 -1.22 0.43 5.33 -4.54 1.24 3.44 
4.69 -5.95 -5.24 -8.14 7.50 -7.16 -5.74 -8.50 9.83 3.09 
-2.81 -8.03 -8.02 2.37 3.53 -9.51 8.77 -7.58 -6.57 -3.00 

Matriz B
8.39 4.08 -0.18 1.86 -6.92 -9.15 9.46 2.39 -1.01 6.39 
0.23 3.56 1.29 -2.84 9.61 5.20 -8.14 -2.40 -7.41 6.00 
9.98 9.80 6.14 1.67 -7.20 0.45 7.66 -3.85 1.77 -4.45 
-6.36 4.31 8.73 -1.88 4.83 6.24 4.61 -7.04 9.23 -6.87 
0.40 2.15 -8.55 8.10 -1.22 3.94 6.44 7.46 7.74 4.93 
6.02 -7.50 -9.31 -7.70 -8.68 -9.80 -0.80 7.15 5.00 -8.05 
7.98 -7.59 -9.44 -0.06 -2.57 9.97 -7.11 -0.58 9.88 2.39 
-6.12 -7.06 3.31 0.93 2.86 7.62 -6.40 6.16 4.14 2.61 
4.68 -9.17 3.49 -6.11 -0.81 -0.04 -2.67 -1.40 -2.68 8.97 
6.13 -5.40 -5.73 -1.21 1.75 -3.69 -8.76 0.87 5.38 -6.64 

Matriz C
186.95 -205.86 -231.76 -43.51 -216.62 -132.25 -31.67 114.50 80.38 -42.65 
110.92 100.64 100.09 18.37 -64.96 -80.25 113.74 -36.19 50.94 -64.10 
-95.20 54.66 -22.04 26.96 -71.26 -94.73 66.43 10.03 -26.13 -201.57 
15.22 129.72 40.85 59.64 59.65 159.97 35.02 19.12 151.36 -21.42 
28.57 -35.42 -70.25 98.11 -100.23 134.27 13.81 14.93 14.78 77.26 
-28.06 -155.03 -160.61 -27.72 -100.27 -28.38 -48.29 91.38 255.21 -235.52 
-32.24 0.54 3.47 -100.26 -78.79 -165.30 56.80 -16.44 88.62 -248.62 
101.68 -145.67 -168.07 3.95 -119.51 -71.05 -57.76 42.67 38.68 -39.44 
68.51 -21.91 -66.57 76.70 -50.34 -161.08 111.06 47.62 -124.43 199.88 
-109.14 33.88 -93.67 137.75 45.56 143.25 48.59 -60.11 106.53 9.39 

Vetor V
247.22 -244.46 -668.55 249.98 -696.76 -295.54 307.74 227.51 635.94 -566.78 

E
-1607.38

####### AxB_6 #######
Matriz A
-2.74 -9.69 0.66 -9.15 1.16 7.83 5.63 -3.42 4.46 2.13 
6.27 -1.72 8.27 3.98 0.02 -1.28 -3.90 1.16 1.25 6.78 
-9.28 -9.21 1.19 -4.26 -2.66 2.64 -4.84 -4.23 -8.19 -2.93 
2.26 9.37 8.07 8.27 8.20 1.49 0.85 7.59 -4.03 2.03 
-6.38 -8.25 3.63 -9.43 1.10 -5.27 9.06 -0.15 -0.63 -8.35 
-0.83 -9.76 -4.67 4.45 -2.84 9.13 6.68 4.49 -9.09 3.09 
4.49 -4.60 -3.48 8.23 -9.33 9.86 -0.73 -1.17 -8.58 0.23 
-3.84 -9.74 -1.58 -8.27 -1.22 0.43 5.33 -4.54 1.24 3.44 
4.69 -5.95 -5.24 -8.14 7.50 -7.16 -5.74 -8.50 9.83 3.09 
-2.81 -8.03 -8.02 2.37 3.53 -9.51 8.77 -7.58 -6.57 -3.00 

Matriz B
8.39 4.08 -0.18 1.86 -6.92 -9.15 9.46 2.39 -1.01 6.39 
0.23 3.56 1.29 -2.84 9.61 5.20 -8.14 -2.40 -7.41 6.00 
9.98 9.80 6.14 1.67 -7.20 0.45 7.66 -3.85 1.77 -4.45 
-6.36 4.31 8.73 -1.88 4.83 6.24 4.61 -7.04 9.23 -6.87 
0.40 2.15 -8.55 8.10 -1.22 3.94 6.44 7.46 7.74 4.93 
6.02 -7.50 -9.31 -7.70 -8.68 -9.80 -0.80 7.15 5.00 -8.05 
7.98 -7.59 -9.44 -0.06 -2.57 9.97 -7.11 -0.58 9.88 2.39 
-6.12 -7.06 3.31 0.93 2.86 7.62 -6.40 6.16 4.14 2.61 
4.68 -9.17 3.49 -6.11 -0.81 -0.04 -2.67 -1.40 -2.68 8.97 
6.13 -5.40 -5.73 -1.21 1.75 -3.69 -8.76 0.87 5.38 -6.64 

Matriz C
186.95 -205.86 -231.76 -43.51 -216.62 -132.25 -31.67 114.50 80.38 -42.65 
110.92 100.64 100.09 18.37 -64.96 -80.25 113.74 -36.19 50.94 -64.10 
-95.20 54.66 -22.04 26.96 -71.26 -94.73 66.43 10.03 -26.13 -201.57 
15.22 129.72 40.85 59.64 59.65 159.97 35.02 19.12 151.36 -21.42 
28.57 -35.42 -70.25 98.11 -100.23 134.27 13.81 14.93 14.78 77.26 
-28.06 -155.03 -160.61 -27.72 -100.27 -28.38 -48.29 91.38 255.21 -235.52 
-32.24 0.54 3.47 -100.26 -78.79 -165.30 56.80 -16.44 88.62 -248.62 
101.68 -145.67 -168.07 3.95 -119.51 -71.05 -57.76 42.67 38.68 -39.44 
68.51 -21.91 -66.57 76.70 -50.34 -161.08 111.06 47.62 -124.43 199.88 
-109.14 33.88 -93.67 137.75 45.56 143.25 48.59 -60.11 106.53 9.39 

Vetor V
247.22 -244.46 -668.55 249.98 -696.76 -295.54 307.74 227.51 635.94 -566.78 

E
-1607.38

####### AxB_7 #######
Matriz A
1.10 6.19 5.37 1.34 -2.97 3.83 -2.75 -7.94 9.28 -7.32 
-0.89 -9.61 -3.97 0.17 7.98 -6.02 -4.61 -3.97 -9.43 7.12 
5.58 -5.64 -9.03 -8.96 7.10 -9.73 -3.86 -6.01 -1.99 7.93 
6.37 -3.31 7.01 -1.96 5.17 -8.98 -3.86 -3.35 0.08 -6.97 
2.44 -6.37 -2.78 -1.31 -1.72 -7.85 3.56 -6.47 -6.69 -8.76 
-1.18 4.46 2.39 -3.03 -6.78 -5.61 8.41 1.23 4.36 -6.29 
-3.54 -3.52 -3.12 -5.11 -8.38 -8.90 3.60 -9.40 3.17 5.30 
-6.61 -8.68 4.61 -5.58 8.08 5.01 2.23 -7.53 -8.13 9.07 
4.31 -8.91 9.44 -7.63 2.65 -5.50 -6.06 3.53 -0.23 9.17 
4.73 4.52 -4.30 5.19 -1.84 -6.33 -7.64 -7.40 -8.23 8.09 

Matriz B
-7.23 7.43 6.11 -3.68 -0.23 -0.80 3.01 -8.75 -1.16 1.80 
-0.89 -2.37 -6.83 8.04 7.98 5.58 -3.59 0.45 6.53 9.67 
-5.45 9.94 5.25 2.19 -8.84 -3.58 7.32 9.51 5.63 -3.90 
-0.03 5.53 8.98 9.05 -9.94 9.01 2.81 -8.11 -9.72 5.42 
1.73 -4.37 4.18 1.86 4.58 9.23 -0.04 -0.75 -5.46 -9.31 
6.37 -5.20 6.17 -8.78 -3.53 -0.93 4.61 3.92 -2.78 -7.09 
4.91 0.99 -3.69 8.71 -4.69 -8.31 -6.62 8.01 5.51 -4.69 
-3.36 -3.74 4.37 -3.78 -1.57 -4.03 6.55 -2.25 3.60 3.14 
9.80 8.00 0.27 2.24 6.88 8.51 -2.42 -8.80 7.77 6.36 
-9.29 -0.13 -8.95 7.58 9.25 -8.13 -2.63 -1.19 -2.53 -9.90 

Matriz C
148.61 149.52 59.35 1.82 -17.27 188.87 4.93 -26.51 108.81 168.11 
-155.78 -92.01 -29.51 -5.75 43.56 -41.74 -16.22 -18.74 -243.54 -231.05 
-127.47 -63.21 -169.14 -23.36 276.66 -34.86 -129.23 -117.36 -97.20 -146.89 
-71.67 148.37 108.94 -37.59 -55.55 92.67 57.01 -29.54 11.18 34.13 
5.28 22.03 11.62 -38.34 -127.56 -37.14 -56.65 42.86 -49.63 25.37 
82.48 85.89 -83.47 85.35 -35.96 -53.99 -77.80 76.44 226.57 172.58 
5.78 69.06 -250.74 108.37 112.84 -128.90 -182.92 28.34 80.94 6.47 
-51.23 -110.79 -66.83 -16.40 -4.39 -171.12 -16.16 252.16 -127.80 -430.40 
-233.96 99.57 1.03 -79.79 57.97 -166.51 106.84 21.01 19.28 -194.99 
-226.91 4.57 -103.46 112.96 100.98 30.00 -47.24 -127.52 -176.13 39.29 

Vetor V
-624.86 313.00 -522.21 107.27 351.30 -322.72 -357.46 101.15 -247.52 -557.38 

E
-1759.44

####### AxB_10 #######
Matriz A
-6.26 6.55 -4.30 -7.74 -3.69 -7.88 -7.23 1.30 4.60 2.61 
3.44 4.49 1.72 -2.74 -3.46 2.08 1.14 1.98 6.59 -5.80 
0.24 2.10 2.69 3.38 -5.07 -3.18 0.38 9.97 -8.34 3.41 
8.87 -8.42 1.54 2.37 9.89 -5.71 -3.90 0.72 -0.95 4.21 
-4.97 -1.50 -9.20 -1.57 -8.58 6.16 -2.99 0.47 7.32 -1.04 
-8.32 -9.57 -7.19 -9.43 5.90 -7.63 -3.86 -2.87 6.61 5.35 
-6.73 -0.90 7.92 5.06 1.71 3.72 9.26 7.63 -4.18 -6.74 
3.36 5.30 -1.58 -5.53 -7.85 -0.78 -1.04 5.94 -7.33 8.20 
3.55 5.49 -5.47 -6.65 -4.74 -5.35 8.13 3.80 -6.49 3.18 
-2.94 7.08 0.81 9.92 3.70 0.91 5.80 5.38 1.38 -2.28 

Matriz B
-7.74 6.63 7.43 3.21 3.13 5.66 8.67 3.76 -1.06 8.76 
-3.97 0.49 3.30 -3.60 -9.99 -9.64 8.33 -0.25 9.10 -7.74 
-7.89 -4.37 5.48 -6.41 6.63 8.92 -1.73 -4.97 2.34 -5.60 
-8.96 -2.79 -8.09 9.16 -6.70 -3.61 2.29 9.00 4.95 7.23 
9.73 -7.70 -8.68 1.36 -7.97 -8.84 -6.33 4.07 7.94 2.72 
-7.01 8.03 4.53 -7.27 5.58 3.12 -6.13 -1.77 -8.82 6.06 
0.70 6.07 -7.70 -9.57 2.84 -8.10 -0.68 0.50 -5.78 3.68 
-9.76 1.58 -0.08 8.15 9.32 -5.70 -5.19 7.78 -6.41 -1.36 
-8.60 5.39 9.76 -7.18 -5.92 0.92 -6.39 6.56 9.99 -7.91 
0.72 -8.92 6.60 -1.13 -6.54 0.12 2.81 -7.63 1.29 -0.40 

Matriz C
89.63 -73.09 128.18 9.07 -128.96 -45.26 37.77 -57.77 140.85 -261.01 
-161.09 165.78 128.53 -96.61 55.47 23.34 -2.33 64.30 20.93 -79.17 
-111.60 -62.37 -36.90 156.80 118.70 -39.37 85.12 -0.55 -115.35 14.61 
69.09 -145.87 -35.84 170.84 -30.75 58.43 -1.26 64.79 72.07 134.18 
-65.97 157.75 110.35 -41.35 11.06 33.15 -76.82 25.57 -74.08 -46.89 
326.82 -148.88 -12.51 -9.01 -116.36 -6.54 -161.27 -62.23 86.01 -121.64 
-98.49 28.77 -205.69 -36.30 179.90 -103.70 -139.71 69.47 -129.59 26.90 
-45.71 -8.19 133.25 47.90 84.53 9.56 157.58 -126.14 -136.56 -26.01 
71.56 54.23 -20.04 -5.60 48.61 -125.51 158.70 -63.72 -122.05 0.66 
-132.96 3.06 -148.96 30.18 -92.08 -220.00 -21.29 157.08 82.73 6.23 

Vetor V
-58.73 -28.81 40.36 225.91 130.12 -415.88 36.50 70.81 -175.06 -352.15 

E
-1053.86

####### AxB_10 #######
Matriz A
-6.26 6.55 -4.30 -7.74 -3.69 -7.88 -7.23 1.30 4.60 2.61 
3.44 4.49 1.72 -2.74 -3.46 2.08 1.14 1.98 6.59 -5.80 
0.24 2.10 2.69 3.38 -5.07 -3.18 0.38 9.97 -8.34 3.41 
8.87 -8.42 1.54 2.37 9.89 -5.71 -3.90 0.72 -0.95 4.21 
-4.97 -1.50 -9.20 -1.57 -8.58 6.16 -2.99 0.47 7.32 -1.04 
-8.32 -9.57 -7.19 -9.43 5.90 -7.63 -3.86 -2.87 6.61 5.35 
-6.73 -0.90 7.92 5.06 1.71 3.72 9.26 7.63 -4.18 -6.74 
3.36 5.30 -1.58 -5.53 -7.85 -0.78 -1.04 5.94 -7.33 8.20 
3.55 5.49 -5.47 -6.65 -4.74 -5.35 8.13 3.80 -6.49 3.18 
-2.94 7.08 0.81 9.92 3.70 0.91 5.80 5.38 1.38 -2.28 

Matriz B
-7.74 6.63 7.43 3.21 3.13 5.66 8.67 3.76 -1.06 8.76 
-3.97 0.49 3.30 -3.60 -9.99 -9.64 8.33 -0.25 9.10 -7.74 
-7.89 -4.37 5.48 -6.41 6.63 8.92 -1.73 -4.97 2.34 -5.60 
-8.96 -2.79 -8.09 9.16 -6.70 -3.61 2.29 9.00 4.95 7.23 
9.73 -7.70 -8.68 1.36 -7.97 -8.84 -6.33 4.07 7.94 2.72 
-7.01 8.03 4.53 -7.27 5.58 3.12 -6.13 -1.77 -8.82 6.06 
0.70 6.07 -7.70 -9.57 2.84 -8.10 -0.68 0.50 -5.78 3.68 
-9.76 1.58 -0.08 8.15 9.32 -5.70 -5.19 7.78 -6.41 -1.36 
-8.60 5.39 9.76 -7.18 -5.92 0.92 -6.39 6.56 9.99 -7.91 
0.72 -8.92 6.60 -1.13 -6.54 0.12 2.81 -7.63 1.29 -0.40 

Matriz C
89.63 -73.09 128.18 9.07 -128.96 -45.26 37.77 -57.77 140.85 -261.01 
-161.09 165.78 128.53 -96.61 55.47 23.34 -2.33 64.30 20.93 -79.17 
-111.60 -62.37 -36.90 156.80 118.70 -39.37 85.12 -0.55 -115.35 14.61 
69.09 -145.87 -35.84 170.84 -30.75 58.43 -1.26 64.79 72.07 134.18 
-65.97 157.75 110.35 -41.35 11.06 33.15 -76.82 25.57 -74.08 -46.89 
326.82 -148.88 -12.51 -9.01 -116.36 -6.54 -161.27 -62.23 86.01 -121.64 
-98.49 28.77 -205.69 -36.30 179.90 -103.70 -139.71 69.47 -129.59 26.90 
-45.71 -8.19 133.25 47.90 84.53 9.56 157.58 -126.14 -136.56 -26.01 
71.56 54.23 -20.04 -5.60 48.61 -125.51 158.70 -63.72 -122.05 0.66 
-132.96 3.06 -148.96 30.18 -92.08 -220.00 -21.29 157.08 82.73 6.23 

Vetor V
-58.73 -28.81 40.36 225.91 130.12 -415.88 36.50 70.81 -175.06 -352.15 

E
-1053.86

####### AxB_11 #######
Matriz A
1.86 -8.54 2.94 -1.61 7.85 3.69 -4.23 -0.39 2.77 -6.50 
-2.44 8.66 1.34 1.50 -7.45 -3.94 5.99 8.06 8.79 -4.67 
-1.57 -7.02 -3.89 3.01 3.17 5.54 5.13 4.31 -8.96 -1.53 
-9.43 8.67 -7.74 -1.53 -9.92 -8.23 4.91 6.25 4.57 -4.40 
0.21 -3.05 7.91 2.00 -4.74 -1.93 5.70 -5.95 3.32 -6.70 
1.75 -6.39 6.55 -6.54 2.72 -1.40 6.92 3.13 -8.71 -8.40 
2.54 -8.13 8.56 -3.33 -3.86 5.41 7.19 9.92 0.55 1.23 
3.74 -4.46 4.03 -5.99 -0.77 7.77 -6.04 -4.51 -7.13 -5.83 
0.50 -4.69 3.91 -2.60 4.49 -6.18 -1.38 -1.77 5.86 1.17 
-2.09 1.14 2.46 4.04 -0.13 -7.66 -4.11 9.84 0.81 3.39 

Matriz B
6.97 -3.55 -4.47 -4.31 -7.53 9.88 -5.50 -0.55 -2.66 2.92 
-0.90 4.69 -3.03 7.39 -6.47 -6.40 -2.21 -5.67 1.40 7.10 
-4.00 -9.07 -8.54 -1.92 -9.99 5.17 -9.25 1.39 -7.17 7.58 
0.04 -2.45 3.81 -4.68 6.78 5.76 4.93 -2.00 9.00 1.89 
0.96 -9.78 2.30 -0.50 1.12 5.01 6.61 4.09 6.88 -8.84 
-8.15 -0.11 -4.72 -2.12 4.95 9.72 -9.74 -3.57 4.47 -7.99 
7.68 -3.27 3.17 -9.70 5.86 -2.20 7.69 2.17 8.27 5.48 
-7.63 7.70 -6.33 -7.18 -5.23 4.68 8.19 -9.84 -1.15 -1.08 
-4.49 -3.65 -0.00 -8.26 2.52 4.91 -9.43 -5.45 -0.42 9.39 
9.87 -3.52 -7.47 -1.58 7.17 -1.46 -3.02 -4.50 -4.25 2.16 

Matriz C
-119.81 -122.96 24.57 -49.76 -34.35 184.73 -52.75 82.45 9.96 -145.63 
-106.20 133.57 -16.75 -104.20 -87.11 -65.06 21.70 -158.50 10.06 261.26 
0.59 23.45 54.53 -69.34 121.45 63.50 205.83 46.87 143.64 -214.49 
-59.01 276.89 101.05 25.85 6.07 -279.87 170.48 -118.81 24.11 179.48 
-8.03 -98.11 52.36 -70.94 -37.32 17.20 -86.23 94.65 -3.72 154.38 
-9.03 -43.18 8.42 -39.51 -143.49 23.32 129.64 143.06 -13.98 -81.22 
-67.95 -32.94 -156.11 -228.87 -51.70 166.96 -42.17 -62.39 -69.26 35.69 
-87.85 -17.83 -45.94 114.20 -114.15 89.18 -156.83 106.29 -86.56 -164.57 
34.78 -130.72 6.26 -45.45 -31.35 24.44 -35.40 54.60 -72.87 54.47 
-39.79 56.99 -64.51 -32.72 -76.09 -12.94 110.99 -108.57 -69.31 72.40 

Vetor V
-462.29 45.16 -36.11 -500.75 -448.04 211.44 265.25 79.64 -127.94 151.79 

E
-1643.68

####### AxB_11 #######
Matriz A
1.86 -8.54 2.94 -1.61 7.85 3.69 -4.23 -0.39 2.77 -6.50 
-2.44 8.66 1.34 1.50 -7.45 -3.94 5.99 8.06 8.79 -4.67 
-1.57 -7.02 -3.89 3.01 3.17 5.54 5.13 4.31 -8.96 -1.53 
-9.43 8.67 -7.74 -1.53 -9.92 -8.23 4.91 6.25 4.57 -4.40 
0.21 -3.05 7.91 2.00 -4.74 -1.93 5.70 -5.95 3.32 -6.70 
1.75 -6.39 6.55 -6.54 2.72 -1.40 6.92 3.13 -8.71 -8.40 
2.54 -8.13 8.56 -3.33 -3.86 5.41 7.19 9.92 0.55 1.23 
3.74 -4.46 4.03 -5.99 -0.77 7.77 -6.04 -4.51 -7.13 -5.83 
0.50 -4.69 3.91 -2.60 4.49 -6.18 -1.38 -1.77 5.86 1.17 
-2.09 1.14 2.46 4.04 -0.13 -7.66 -4.11 9.84 0.81 3.39 

Matriz B
6.97 -3.55 -4.47 -4.31 -7.53 9.88 -5.50 -0.55 -2.66 2.92 
-0.90 4.69 -3.03 7.39 -6.47 -6.40 -2.21 -5.67 1.40 7.10 
-4.00 -9.07 -8.54 -1.92 -9.99 5.17 -9.25 1.39 -7.17 7.58 
0.04 -2.45 3.81 -4.68 6.78 5.76 4.93 -2.00 9.00 1.89 
0.96 -9.78 2.30 -0.50 1.12 5.01 6.61 4.09 6.88 -8.84 
-8.15 -0.11 -4.72 -2.12 4.95 9.72 -9.74 -3.57 4.47 -7.99 
7.68 -3.27 3.17 -9.70 5.86 -2.20 7.69 2.17 8.27 5.48 
-7.63 7.70 -6.33 -7.18 -5.23 4.68 8.19 -9.84 -1.15 -1.08 
-4.49 -3.65 -0.00 -8.26 2.52 4.91 -9.43 -5.45 -0.42 9.39 
9.87 -3.52 -7.47 -1.58 7.17 -1.46 -3.02 -4.50 -4.25 2.16 

Matriz C
-119.81 -122.96 24.57 -49.76 -34.35 184.73 -52.75 82.45 9.96 -145.63 
-106.20 133.57 -16.75 -104.20 -87.11 -65.06 21.70 -158.50 10.06 261.26 
0.59 23.45 54.53 -69.34 121.45 63.50 205.83 46.87 143.64 -214.49 
-59.01 276.89 101.05 25.85 6.07 -279.87 170.48 -118.81 24.11 179.48 
-8.03 -98.11 52.36 -70.94 -37.32 17.20 -86.23 94.65 -3.72 154.38 
-9.03 -43.18 8.42 -39.51 -143.49 23.32 129.64 143.06 -13.98 -81.22 
-67.95 -32.94 -156.11 -228.87 -51.70 166.96 -42.17 -62.39 -69.26 35.69 
-87.85 -17.83 -45.94 114.20 -114.15 89.18 -156.83 106.29 -86.56 -164.57 
34.78 -130.72 6.26 -45.45 -31.35 24.44 -35.40 54.60 -72.87 54.47 
-39.79 56.99 -64.51 -32.72 -76.09 -12.94 110.99 -108.57 -69.31 72.40 

Vetor V
-462.29 45.16 -36.11 -500.75 -448.04 211.44 265.25 79.64 -127.94 151.79 

E
-1643.68

####### AxB_12 #######
Matriz A
5.79 3.19 8.66 -6.00 -5.42 0.02 3.49 -0.43 -7.42 -8.13 
2.23 -4.31 0.90 5.58 9.80 2.01 -1.74 -2.85 0.99 -5.08 
-4.64 2.71 3.07 -0.44 -9.51 6.05 -3.20 -7.30 -9.40 -2.60 
3.28 3.32 -6.53 -7.43 -0.52 -4.85 -3.24 -3.71 8.28 7.53 
5.97 -5.10 1.47 9.19 -0.73 -3.81 -0.30 -3.95 -6.70 2.18 
-8.58 6.98 9.46 -6.95 -8.37 -8.03 4.28 -9.52 9.34 -1.31 
8.83 -6.18 -9.38 3.24 3.50 6.19 6.46 -7.63 9.09 -2.90 
1.86 4.86 -0.46 -6.92 1.63 6.36 1.54 -6.41 6.23 8.79 
9.71 6.43 1.60 -3.63 0.85 8.95 3.64 -9.14 2.45 -1.36 
9.40 -8.01 1.13 0.47 -9.92 -3.91 -3.76 4.91 -9.28 -4.14 

Matriz B
4.06 -1.24 -1.69 -8.52 4.11 7.98 -9.80 -9.11 -6.19 -3.70 
-6.08 -9.89 7.48 4.24 -0.22 1.80 8.44 9.10 3.75 -4.83 
2.18 7.11 7.92 -1.12 -1.21 -2.87 -4.37 -1.04 -8.57 -8.79 
-8.88 6.67 -2.70 0.17 -2.98 1.44 -1.70 7.40 3.75 -1.67 
9.47 3.77 -7.86 8.08 4.92 4.72 8.41 -6.59 1.55 -6.72 
-3.62 0.72 -5.47 -8.18 -2.97 9.83 -0.60 -2.95 -1.68 -1.31 
9.07 -7.67 -7.58 -7.32 6.42 -3.53 -9.22 -5.90 2.34 -7.34 
-7.02 -4.10 0.89 4.19 5.83 -4.85 -4.77 -0.51 -4.47 9.95 
-3.56 -5.04 -0.25 1.50 5.92 6.49 2.08 2.12 1.05 9.57 
0.14 3.34 -9.75 -1.39 5.57 4.90 -3.60 -9.71 2.12 7.90 

Matriz C
84.82 -52.36 195.64 -117.66 -65.54 -105.16 -119.35 1.37 -143.97 -231.67 
73.19 124.95 -72.03 34.75 -15.58 83.00 59.55 -26.55 -6.00 -119.40 
-81.35 59.51 140.73 -96.47 -220.06 -54.05 26.20 133.23 -4.22 -125.84 
25.74 -114.86 -35.98 37.78 103.17 110.13 73.26 -64.68 61.25 177.08 
32.89 168.84 -55.65 -74.74 -48.26 -6.01 -127.63 -49.86 -14.40 -99.83 
27.09 -120.07 239.63 33.59 -24.89 -126.24 77.99 171.38 32.27 -53.85 
114.33 -51.02 -235.31 -174.32 72.83 227.28 -71.31 -131.07 62.35 -16.66 
68.88 -76.65 -103.99 -75.76 75.24 194.31 44.15 -130.91 33.98 19.94 
99.97 -86.16 -24.56 -183.59 1.99 211.95 -19.90 -88.89 -27.97 -197.38 
-30.75 80.17 106.79 -123.48 -73.08 -118.28 -239.69 -39.11 -154.22 19.91 

Vetor V
414.80 -67.65 155.28 -739.90 -194.18 416.92 -296.73 -225.08 -160.94 -627.69 

E
-1325.18

####### AxB_13 #######
Matriz A
1.52 -6.17 -4.81 0.12 -7.30 8.80 -6.19 -0.49 -5.87 3.23 
0.22 0.06 9.70 9.82 8.65 -5.59 -6.77 6.53 -1.87 6.61 
-3.47 -4.36 -2.30 8.17 0.38 3.02 7.47 3.27 -3.07 7.79 
9.72 2.61 2.51 0.75 -5.05 -6.53 6.72 5.76 8.82 2.47 
-2.98 -0.45 -0.92 8.71 -9.92 8.56 4.31 7.57 2.17 -2.97 
9.94 -6.42 4.13 7.14 3.57 8.82 4.64 -5.48 -6.89 -5.35 
-5.33 -7.53 6.08 -5.98 -2.38 -9.61 5.12 -6.68 8.92 -7.63 
-4.05 -2.30 3.66 -9.33 -4.25 9.94 2.02 0.33 -7.97 0.57 
6.16 -9.03 -6.90 -4.41 -2.93 -0.58 -4.31 -9.48 1.18 1.92 
-3.24 2.95 -9.19 2.60 7.78 -6.22 -1.52 -8.31 0.50 1.16 

Matriz B
-7.14 -1.41 -7.31 -9.26 -2.10 -0.00 -5.82 -4.37 -9.15 -7.97 
-1.65 7.15 0.58 7.40 2.85 4.32 0.03 -0.97 2.61 5.22 
-5.96 9.40 5.56 -6.49 3.38 0.20 -7.84 5.00 -7.07 -6.60 
6.16 5.15 6.75 0.04 -5.92 4.64 8.88 3.56 3.32 0.12 
-0.08 -4.76 -4.60 1.71 5.27 -5.45 5.04 -5.05 -9.16 -6.42 
-2.42 9.75 2.66 -9.52 0.71 -1.20 -9.57 0.35 7.80 6.12 
-2.76 -6.98 8.21 0.93 -0.30 9.07 -9.79 -5.28 -8.13 6.19 
2.06 -9.15 -2.05 -6.64 8.23 -9.55 -2.77 -0.62 6.05 6.68 
-0.82 -0.04 0.44 -5.13 7.33 4.61 -5.49 7.47 -8.56 9.49 
-8.11 -2.90 -4.31 2.66 -3.33 6.16 -6.77 -7.37 2.41 -1.62 

Matriz C
2.72 68.25 -49.95 -88.57 -125.93 -56.46 -18.95 -19.00 245.29 -14.37 
-6.09 14.61 -34.30 -18.62 36.03 -84.34 120.67 5.81 -34.19 -180.77 
14.13 -82.72 91.18 8.73 -80.91 83.28 -34.41 -85.70 87.94 63.43 
-101.79 -114.34 -8.06 -104.10 61.63 112.43 -179.36 2.06 -191.39 71.91 
87.24 77.05 177.22 -133.16 -9.09 40.59 -85.00 103.61 204.17 247.24 
-37.70 118.22 71.17 -182.12 -121.58 5.88 -49.63 -39.22 -101.90 -172.68 
27.53 -55.18 105.96 24.41 60.60 69.80 -18.94 148.34 -263.66 2.88 
-73.27 74.31 41.58 -63.45 -3.99 -59.32 -185.38 -44.65 145.84 21.26 
-37.66 -41.32 -130.17 -20.76 -126.21 24.52 18.57 -30.47 -51.26 -117.88 
80.74 -61.75 -60.71 238.38 -62.79 63.06 240.12 -58.50 -48.23 -47.88 

Vetor V
-44.15 -2.87 203.92 -339.25 -372.24 199.43 -192.30 -17.73 -7.39 -126.85 

E
-699.44

####### AxB_15 #######
Matriz A
-4.10 -6.46 -9.63 -3.20 -8.27 4.41 -4.97 -5.33 2.85 8.97 
-0.47 4.78 -5.33 2.82 4.72 -2.63 0.54 2.20 4.05 -3.35 
2.75 -6.63 -7.71 4.59 3.73 2.05 0.84 -3.34 1.61 8.66 
7.54 -1.32 -4.80 6.67 6.33 -0.53 -4.69 -8.61 9.15 -0.99 
-7.74 8.89 -7.97 -4.40 3.17 -4.40 -1.01 7.94 6.22 -9.14 
0.19 -4.02 2.49 -4.87 -1.28 -7.64 -1.08 -9.83 8.33 -7.80 
4.31 1.00 3.23 -2.24 -6.57 -6.94 -3.17 5.16 3.23 -6.35 
4.51 7.53 4.89 4.22 3.57 -9.75 5.19 -4.37 -6.95 -5.64 
-5.44 1.61 1.99 -2.09 -3.10 -1.92 -2.85 3.21 -4.42 5.30 
-2.23 -6.79 2.28 -1.78 2.68 6.17 4.94 -9.05 -8.81 -0.53 

Matriz B
5.59 -6.37 9.99 -2.98 9.51 6.83 3.55 -4.11 -8.35 -7.69 
-0.68 -6.80 -6.24 8.21 9.19 3.25 -4.31 0.95 -5.12 9.90 
-2.10 -3.05 -6.24 -9.26 -0.70 -5.95 -3.76 6.45 -3.97 -6.54 
4.15 -8.06 2.01 -7.74 -4.78 -0.25 2.16 3.58 7.20 0.19 
-6.21 9.08 -3.88 7.69 2.57 7.77 -3.40 3.45 -0.78 -2.68 
-3.67 4.25 1.89 -7.98 -3.23 -2.97 6.34 2.14 -8.61 -2.79 
-3.94 3.69 -7.13 -4.78 -2.45 -1.30 -1.06 0.27 -4.42 -5.32 
-9.94 4.68 -7.67 -8.36 5.07 8.86 -5.88 -7.21 -6.23 7.61 
-0.00 3.58 7.78 2.34 8.55 -2.42 -2.62 -3.62 7.81 8.34 
6.49 0.01 2.91 -6.40 -8.64 9.41 -4.26 -4.24 -2.83 3.60 

Matriz C
154.37 35.87 218.03 -8.09 -179.80 -31.51 89.59 -93.21 103.03 81.75 
-48.38 22.45 -17.84 135.40 123.74 65.28 -38.71 -23.33 64.90 116.60 
110.53 49.99 172.94 -42.18 -128.40 111.77 55.20 -51.88 59.24 -36.49 
141.08 -47.80 269.14 134.57 103.66 23.21 75.87 13.27 159.14 -21.70 
-188.64 114.32 -144.43 274.90 231.94 32.85 -106.98 -66.66 83.93 287.37 
65.69 -6.56 117.39 188.94 99.21 -191.87 24.38 46.76 193.97 -61.39 
-6.41 -91.25 14.21 7.87 180.56 -34.14 -36.05 -64.30 19.88 52.39 
27.33 -164.12 -130.21 107.25 83.60 0.10 -37.24 108.70 -18.11 -112.81 
-4.34 -13.09 -95.88 -38.81 -90.43 31.09 -66.73 -15.95 -23.74 79.83 
7.74 62.66 -32.34 -50.24 -218.47 -118.19 112.25 134.22 -56.46 -260.25 

Vetor V
258.97 -37.54 371.00 709.60 205.60 -111.40 71.59 -12.38 585.78 125.29 

E
2166.51

####### AxB_16 #######
Matriz A
-4.36 -8.39 4.81 5.08 6.73 8.44 -0.88 -0.72 -6.26 2.07 
6.63 2.80 -4.14 -7.69 2.44 -5.93 -7.98 3.23 -0.86 -8.69 
-6.11 -2.05 7.42 -1.49 -8.07 -9.25 2.01 -1.26 -9.04 4.75 
-9.81 -6.13 8.32 5.37 -2.20 0.63 6.60 7.09 5.43 -4.98 
8.93 -6.84 1.70 -2.47 1.89 9.18 9.51 5.99 -2.36 -2.46 
-2.77 2.60 -8.89 -4.09 -0.29 -4.89 9.01 -5.36 -7.38 -8.54 
3.69 7.90 3.77 9.23 -7.92 1.69 1.31 -5.03 -0.27 -3.63 
-2.91 5.65 4.29 6.20 -0.98 -9.85 -6.44 8.46 -3.33 -5.25 
3.20 -9.07 -5.88 7.13 -4.93 -4.03 9.90 -3.89 0.38 6.76 
-9.41 -7.33 -7.54 0.20 -2.66 -6.93 5.58 -6.97 -6.32 -1.81 

Matriz B
8.56 9.58 3.21 3.66 8.99 9.77 2.05 7.65 1.46 1.29 
-9.08 -3.73 4.82 3.10 -2.26 -5.77 7.62 -0.42 -5.34 8.08 
3.49 3.67 -0.11 -9.45 2.48 -9.98 9.50 -0.32 0.89 7.70 
-8.19 -1.02 -6.69 6.67 7.00 1.65 -5.49 3.44 -2.28 -9.37 
3.02 -4.85 -5.65 -8.03 6.01 -8.26 4.97 -9.89 -8.78 -9.42 
-4.22 -8.74 7.32 -3.35 -3.10 6.23 7.59 -5.20 -0.87 -5.65 
-6.14 -1.91 -8.41 9.32 -7.48 8.02 5.10 -7.75 6.66 1.87 
4.80 -0.62 2.87 -2.21 6.17 7.90 -9.97 -2.27 -8.24 -4.73 
-9.97 7.45 6.90 1.17 -3.31 1.32 4.77 -7.50 4.29 -1.02 
4.77 0.82 -0.00 8.39 -5.17 4.75 -1.81 -7.98 4.30 4.90 

Matriz C
72.98 -147.22 -103.05 -132.42 53.70 -47.99 11.53 -85.46 -53.18 -176.77 
143.88 85.42 99.93 -134.38 149.62 -60.75 -56.34 161.43 -128.51 9.97 
113.47 31.34 -125.35 37.81 -79.59 -98.55 -88.70 91.71 96.34 217.15 
-136.94 -21.53 -78.53 -71.74 -29.14 -20.09 -25.53 -106.41 19.76 -82.41 
113.83 -11.06 -10.52 -15.00 51.92 256.04 56.94 -54.25 25.40 -97.38 
-73.29 -96.41 -144.26 88.90 -99.93 -8.55 -6.78 60.63 26.08 25.55 
-180.44 29.57 17.56 114.42 15.27 -2.81 88.48 157.25 46.98 84.92 
14.90 29.25 -35.16 -78.12 178.29 -161.03 -159.40 153.81 -177.03 7.33 
-18.05 86.64 -173.94 297.83 -66.80 250.94 -133.80 -0.28 207.09 -42.38 
-34.07 -72.12 -212.28 104.83 -134.30 -22.52 -142.61 30.96 107.32 -26.11 

Vetor V
16.26 -86.11 -765.60 212.13 39.03 84.69 -456.20 409.39 170.27 -80.13 

E
-456.27

####### AxB_16 #######
Matriz A
-4.36 -8.39 4.81 5.08 6.73 8.44 -0.88 -0.72 -6.26 2.07 
6.63 2.80 -4.14 -7.69 2.44 -5.93 -7.98 3.23 -0.86 -8.69 
-6.11 -2.05 7.42 -1.49 -8.07 -9.25 2.01 -1.26 -9.04 4.75 
-9.81 -6.13 8.32 5.37 -2.20 0.63 6.60 7.09 5.43 -4.98 
8.93 -6.84 1.70 -2.47 1.89 9.18 9.51 5.99 -2.36 -2.46 
-2.77 2.60 -8.89 -4.09 -0.29 -4.89 9.01 -5.36 -7.38 -8.54 
3.69 7.90 3.77 9.23 -7.92 1.69 1.31 -5.03 -0.27 -3.63 
-2.91 5.65 4.29 6.20 -0.98 -9.85 -6.44 8.46 -3.33 -5.25 
3.20 -9.07 -5.88 7.13 -4.93 -4.03 9.90 -3.89 0.38 6.76 
-9.41 -7.33 -7.54 0.20 -2.66 -6.93 5.58 -6.97 -6.32 -1.81 

Matriz B
8.56 9.58 3.21 3.66 8.99 9.77 2.05 7.65 1.46 1.29 
-9.08 -3.73 4.82 3.10 -2.26 -5.77 7.62 -0.42 -5.34 8.08 
3.49 3.67 -0.11 -9.45 2.48 -9.98 9.50 -0.32 0.89 7.70 
-8.19 -1.02 -6.69 6.67 7.00 1.65 -5.49 3.44 -2.28 -9.37 
3.02 -4.85 -5.65 -8.03 6.01 -8.26 4.97 -9.89 -8.78 -9.42 
-4.22 -8.74 7.32 -3.35 -3.10 6.23 7.59 -5.20 -0.87 -5.65 
-6.14 -1.91 -8.41 9.32 -7.48 8.02 5.10 -7.75 6.66 1.87 
4.80 -0.62 2.87 -2.21 6.17 7.90 -9.97 -2.27 -8.24 -4.73 
-9.97 7.45 6.90 1.17 -3.31 1.32 4.77 -7.50 4.29 -1.02 
4.77 0.82 -0.00 8.39 -5.17 4.75 -1.81 -7.98 4.30 4.90 

Matriz C
72.98 -147.22 -103.05 -132.42 53.70 -47.99 11.53 -85.46 -53.18 -176.77 
143.88 85.42 99.93 -134.38 149.62 -60.75 -56.34 161.43 -128.51 9.97 
113.47 31.34 -125.35 37.81 -79.59 -98.55 -88.70 91.71 96.34 217.15 
-136.94 -21.53 -78.53 -71.74 -29.14 -20.09 -25.53 -106.41 19.76 -82.41 
113.83 -11.06 -10.52 -15.00 51.92 256.04 56.94 -54.25 25.40 -97.38 
-73.29 -96.41 -144.26 88.90 -99.93 -8.55 -6.78 60.63 26.08 25.55 
-180.44 29.57 17.56 114.42 15.27 -2.81 88.48 157.25 46.98 84.92 
14.90 29.25 -35.16 -78.12 178.29 -161.03 -159.40 153.81 -177.03 7.33 
-18.05 86.64 -173.94 297.83 -66.80 250.94 -133.80 -0.28 207.09 -42.38 
-34.07 -72.12 -212.28 104.83 -134.30 -22.52 -142.61 30.96 107.32 -26.11 

Vetor V
16.26 -86.11 -765.60 212.13 39.03 84.69 -456.20 409.39 170.27 -80.13 

E
-912.53

####### AxB_17 #######
Matriz A
4.13 6.14 -1.65 6.64 3.90 1.40 6.29 -1.25 -7.17 -3.45 
8.45 0.18 3.45 -9.57 5.52 -9.64 -9.01 -7.84 -1.95 -0.82 
-5.78 -1.31 2.68 -0.50 -9.91 7.70 -7.75 2.74 3.91 2.92 
8.77 -8.39 0.80 5.92 -1.55 0.25 -6.95 3.47 9.39 6.65 
-9.14 2.87 7.80 -8.71 -8.47 4.26 -6.37 -3.62 -7.73 8.71 
3.50 -9.45 1.37 -8.34 7.98 -2.81 4.07 3.34 -5.69 6.09 
-0.93 6.95 -0.55 1.66 -8.12 9.76 -2.17 9.59 -4.48 5.82 
-7.33 8.67 9.29 6.19 7.00 2.56 9.47 6.35 2.06 4.50 
-1.35 7.17 -2.76 7.31 8.63 5.09 9.78 7.83 -4.58 -3.89 
7.87 -4.36 8.46 7.49 0.15 9.95 -8.34 2.80 4.23 6.46 

Matriz B
-1.69 7.77 -7.56 9.78 4.80 4.08 -0.68 7.81 -1.99 0.04 
-4.33 -7.54 3.29 -8.37 -6.51 8.47 -3.85 -6.83 0.94 -8.48 
9.86 -1.02 9.62 -7.81 -5.60 8.10 8.30 -5.29 -2.81 -1.86 
-5.53 -3.42 6.47 -3.31 6.29 -2.28 2.85 -6.71 7.63 -8.77 
0.24 1.90 8.85 -5.66 3.25 4.43 7.74 1.15 -6.23 2.72 
5.19 8.71 -7.75 6.77 8.64 7.94 5.51 -8.55 6.81 -0.76 
8.83 -5.33 -2.93 -8.54 -3.04 2.02 4.68 4.42 3.38 0.39 
8.70 1.18 0.91 9.88 7.86 9.12 3.25 6.48 0.49 2.71 
4.84 9.39 3.71 2.27 6.64 0.82 0.89 2.15 1.67 -4.85 
-4.77 9.78 -7.13 3.42 1.03 2.21 -4.21 -1.14 6.33 2.19 

Matriz C
-51.93 -151.70 18.16 -126.83 -24.48 56.55 50.20 -44.77 24.92 -71.24 
-130.12 32.48 49.42 -18.38 -153.50 -59.44 -81.40 105.61 -242.14 81.57 
42.62 121.99 -66.56 155.50 71.02 24.40 -40.66 -135.67 113.26 -30.70 
-19.87 303.92 -52.62 278.31 244.20 -7.18 -1.66 82.30 64.93 -10.60 
-18.53 -7.53 -86.16 -37.84 -203.19 33.39 -92.13 -198.13 33.21 55.17 
90.37 104.64 -79.35 72.19 2.22 24.87 67.09 194.25 -107.74 226.28 
20.41 42.57 -155.19 166.58 79.97 180.62 -42.51 -119.46 166.37 -42.40 
174.55 -97.00 209.06 -257.66 -20.41 244.68 182.48 -138.68 84.73 -107.52 
82.95 -149.94 80.68 -120.10 77.70 173.66 149.60 -39.01 58.48 -61.50 
39.63 297.38 -23.16 219.69 234.45 152.73 105.62 -105.66 101.58 -53.32 

Vetor V
230.07 496.81 -105.72 331.46 307.97 824.27 296.64 -399.21 297.60 -14.25 

E
2265.65

####### AxB_19 #######
Matriz A
4.72 -1.44 1.30 -2.72 4.32 3.74 -2.57 2.86 -6.66 -8.26 
6.95 5.94 -6.58 4.28 2.74 6.50 -1.67 9.77 7.25 6.82 
3.67 5.86 -5.86 1.55 9.84 6.08 -8.31 3.00 2.02 5.48 
3.63 -7.31 -5.68 7.28 -8.11 2.86 -4.82 5.79 5.51 1.38 
1.34 8.85 3.36 -9.73 4.62 5.02 -0.68 -8.44 -4.24 5.41 
2.56 7.00 -2.12 5.63 8.80 1.66 -0.67 -1.27 8.98 6.24 
-1.27 -4.05 -8.41 3.89 6.87 5.72 0.96 8.82 2.43 10.00 
-0.53 -6.75 -9.49 5.35 6.68 -5.64 -0.33 -5.96 0.91 1.68 
9.51 6.20 -1.18 7.24 -9.13 -9.40 4.70 1.15 -8.00 -0.86 
0.28 8.77 6.29 7.02 -4.01 6.25 5.40 -3.77 3.40 -3.18 

Matriz B
-0.75 9.47 -8.86 2.50 8.04 -4.18 -8.47 6.14 -4.18 -8.56 
-7.04 -4.90 -3.11 2.56 7.35 3.46 -5.79 -2.10 4.94 -1.98 
-6.87 -7.25 -8.07 9.88 7.56 3.74 -6.49 1.74 -3.81 -6.39 
-4.11 4.06 6.58 -5.00 1.10 -0.06 4.72 6.50 -4.29 3.84 
7.77 4.58 7.55 -8.53 -8.35 -1.54 -2.73 -1.89 4.35 -1.13 
1.59 -5.06 1.21 -8.71 -9.17 -8.46 1.46 9.43 -0.26 7.52 
1.17 5.10 8.89 -4.56 -6.94 8.63 -0.28 -8.10 -5.23 3.10 
-5.20 -0.13 8.32 5.19 1.77 -9.29 -7.73 7.18 6.75 -6.94 
7.85 -5.80 -8.82 -4.88 -1.17 -3.52 5.43 -6.08 4.65 -0.55 
-2.16 7.93 2.49 5.98 -9.90 -5.15 4.59 -4.29 -4.38 0.57 

Matriz C
-3.96 -8.21 10.53 -25.20 76.30 -40.75 -154.71 160.97 35.65 -61.92 
1.63 83.70 49.24 -70.09 -75.10 -258.39 -32.73 113.02 95.75 -40.07 
54.70 58.09 35.31 -101.99 -101.57 -218.58 -22.39 101.90 119.61 -9.59 
3.90 42.97 -13.30 -24.50 5.61 -195.74 101.97 158.57 -13.03 20.95 
-4.40 -33.66 -114.98 37.06 -52.91 48.19 -68.37 -81.67 -10.98 6.58 
74.08 54.22 -2.04 -124.34 -96.38 -80.07 43.93 -52.11 55.01 7.29 
86.46 156.06 261.49 -135.17 -301.99 -233.07 87.39 50.19 51.07 68.95 
168.18 184.85 124.72 -170.79 -149.75 21.14 162.76 -89.49 -29.03 89.92 
-219.74 166.78 -6.91 169.98 270.80 132.90 -121.01 41.51 -123.21 -108.21 
-95.75 -124.32 -78.30 -49.83 81.51 91.61 -9.27 28.55 -54.95 57.75 

Vetor V
65.10 580.48 265.76 -494.87 -343.49 -732.76 -12.44 431.45 125.89 31.66 

E
-83.22

####### AxB_20 #######
Matriz A
9.23 -8.55 -9.35 -0.91 8.53 9.57 -3.23 5.77 3.15 8.10 
-5.15 -0.64 -2.55 4.77 -0.22 -5.90 -7.68 -0.43 -1.14 4.19 
1.33 -1.27 -6.19 -2.00 -3.72 9.93 5.90 -4.81 3.61 2.44 
-4.38 -1.29 -5.70 -0.57 -9.69 -7.01 -6.73 -8.85 -3.55 -2.91 
-4.02 1.64 -9.97 -7.49 0.06 1.64 -0.77 -8.80 3.42 -8.18 
8.64 -7.80 -2.90 -9.35 -2.11 -6.99 9.47 -2.43 -8.83 6.57 
8.38 -1.96 6.38 -2.01 3.34 -4.44 -7.46 -3.06 7.33 0.22 
-7.16 8.98 -2.66 -1.05 1.64 -9.29 3.42 7.79 9.49 -7.78 
1.15 -6.77 -9.81 9.60 -3.85 3.67 3.29 -0.67 4.21 2.62 
3.73 5.71 0.78 -4.54 6.74 5.19 6.35 -7.47 -0.78 2.63 

Matriz B
4.89 2.83 9.42 4.42 9.04 -4.32 -5.27 -8.89 1.75 6.19 
-0.81 0.23 3.76 -1.07 -2.30 6.29 -9.59 -9.87 0.46 -5.84 
-5.29 -2.67 8.84 -1.36 -8.12 2.89 -0.39 2.62 3.96 9.99 
1.41 -4.70 -1.07 -4.36 8.47 4.31 0.87 -5.15 4.84 6.59 
2.80 -7.57 -7.05 1.24 -5.50 -5.26 5.64 8.85 -1.56 8.96 
4.60 0.16 9.53 4.01 -5.32 -3.61 -8.96 -7.42 -0.42 -4.87 
-9.65 -5.77 0.30 -4.56 -6.75 -2.93 0.60 0.90 -7.25 -8.82 
4.70 0.56 2.97 -9.42 0.37 4.52 9.43 -5.36 7.77 7.14 
4.81 -3.61 -8.05 -3.28 0.34 -3.20 -0.67 -0.85 0.02 4.73 
4.31 -8.26 2.53 -8.37 -9.44 -9.72 -0.91 9.67 -5.74 4.97 

Matriz C
276.50 -66.05 15.49 -2.17 22.04 -257.28 41.56 28.82 -24.72 162.33 
52.46 -16.03 -117.04 -55.60 60.36 37.35 78.33 99.56 34.77 84.68 
21.06 -10.77 40.63 45.72 -47.51 -130.82 -150.57 -60.19 -124.90 -198.24 
-56.67 148.17 -101.47 102.19 163.83 87.52 -37.13 22.19 -18.87 -168.05 
-23.83 105.37 -171.21 177.00 48.67 -8.60 -89.82 -15.17 -98.57 -271.39 
-104.30 10.80 68.02 14.28 -40.65 -173.07 55.70 166.51 -164.41 -86.41 
88.72 2.73 -5.52 62.52 66.32 -57.86 -9.43 40.00 55.15 245.07 
-52.11 -5.43 -228.08 -123.27 24.20 170.56 120.46 -65.07 57.91 -38.64 
79.28 -43.70 -77.76 -50.67 142.83 -79.13 6.90 -51.54 -33.03 -41.32 
-42.97 -78.80 62.95 80.24 -159.60 -127.14 -155.66 28.90 -141.62 -97.23 

Vetor V
238.14 46.29 -513.99 250.24 280.48 -538.48 -139.65 194.01 -458.28 -409.19 

E
-1050.45

####### AxB_21 #######
Matriz A
9.41 -5.00 5.13 5.74 -5.38 7.08 -7.20 8.32 -4.95 7.62 
7.85 -0.40 -0.84 -0.79 -0.91 -4.44 -6.50 -4.53 -3.22 -4.20 
7.31 8.92 -5.43 -3.87 7.70 -6.38 4.79 3.99 3.28 1.09 
1.49 9.71 -3.68 0.19 4.13 4.10 -8.59 3.97 7.31 -7.12 
5.79 -7.60 4.47 -0.59 -8.83 -3.01 -0.32 0.38 3.79 -7.74 
-0.00 5.95 -1.43 -3.75 -1.86 9.26 -0.24 -4.29 6.31 -8.98 
9.99 -2.82 -5.02 0.82 4.12 4.98 9.46 -2.62 2.75 -6.81 
-2.21 -3.36 9.09 -8.12 1.13 2.60 5.59 6.78 4.73 5.51 
-3.98 4.44 -6.00 -1.26 -0.15 -8.69 2.49 2.31 -3.98 -3.79 
-9.89 9.97 -1.36 0.71 5.74 7.69 7.81 -8.00 4.65 -6.58 

Matriz B
2.35 -0.81 -6.83 4.65 -1.97 2.52 8.78 6.61 6.41 9.72 
7.77 -8.57 -2.31 -9.08 -3.21 7.44 3.78 7.34 -2.41 -3.63 
6.63 -6.13 -9.14 -9.13 -7.38 -5.98 -2.43 4.13 6.82 8.15 
7.97 1.35 -3.23 5.49 1.75 -8.07 5.71 1.09 -7.42 -5.01 
6.88 8.14 2.25 3.38 1.88 -6.85 -8.84 4.46 0.22 -4.46 
9.17 -8.58 -2.60 -5.18 -2.85 8.15 8.70 -0.57 6.95 8.96 
5.95 -7.41 1.84 9.21 -8.14 -8.92 -3.12 -2.31 1.48 9.74 
-8.36 -5.55 2.14 2.69 4.75 7.96 4.53 -0.90 1.95 -0.94 
6.20 -6.76 0.17 -4.92 0.42 8.55 8.94 7.76 -4.78 2.27 
-2.30 2.74 -4.19 7.68 -7.19 -9.29 1.37 -6.31 -0.55 -0.28 

Matriz C
-69.68 -31.49 -176.87 57.92 -19.33 21.41 219.52 -52.44 137.82 118.78 
-54.61 115.41 -37.57 -25.07 61.82 31.66 -0.42 63.70 19.61 -26.04 
27.09 -13.71 38.85 87.48 -3.57 50.70 -0.63 129.05 -27.01 -27.65 
99.47 -90.47 22.81 -212.96 132.51 338.46 159.36 200.13 -46.95 -102.20 
-72.64 -60.37 -39.68 -42.39 32.60 82.22 85.75 41.29 53.84 142.96 
173.19 -183.55 12.25 -229.57 3.80 276.66 126.98 130.15 33.74 95.33 
159.73 -54.04 18.64 124.77 -17.92 21.50 74.71 85.85 65.52 191.32 
-10.90 -145.14 -35.70 -28.22 -122.37 -12.59 -24.82 -24.10 130.35 181.00 
-125.85 58.84 122.82 53.17 76.43 -3.39 -123.13 -30.39 -98.91 -160.48 
318.19 -150.33 73.19 -163.64 -64.68 42.55 -53.68 90.94 -69.91 -7.67 

Vetor V
443.99 -554.86 -1.26 -378.51 79.28 849.19 463.63 634.19 198.09 405.34 

E
2139.08

####### AxB_21 #######
Matriz A
9.41 -5.00 5.13 5.74 -5.38 7.08 -7.20 8.32 -4.95 7.62 
7.85 -0.40 -0.84 -0.79 -0.91 -4.44 -6.50 -4.53 -3.22 -4.20 
7.31 8.92 -5.43 -3.87 7.70 -6.38 4.79 3.99 3.28 1.09 
1.49 9.71 -3.68 0.19 4.13 4.10 -8.59 3.97 7.31 -7.12 
5.79 -7.60 4.47 -0.59 -8.83 -3.01 -0.32 0.38 3.79 -7.74 
-0.00 5.95 -1.43 -3.75 -1.86 9.26 -0.24 -4.29 6.31 -8.98 
9.99 -2.82 -5.02 0.82 4.12 4.98 9.46 -2.62 2.75 -6.81 
-2.21 -3.36 9.09 -8.12 1.13 2.60 5.59 6.78 4.73 5.51 
-3.98 4.44 -6.00 -1.26 -0.15 -8.69 2.49 2.31 -3.98 -3.79 
-9.89 9.97 -1.36 0.71 5.74 7.69 7.81 -8.00 4.65 -6.58 

Matriz B
2.35 -0.81 -6.83 4.65 -1.97 2.52 8.78 6.61 6.41 9.72 
7.77 -8.57 -2.31 -9.08 -3.21 7.44 3.78 7.34 -2.41 -3.63 
6.63 -6.13 -9.14 -9.13 -7.38 -5.98 -2.43 4.13 6.82 8.15 
7.97 1.35 -3.23 5.49 1.75 -8.07 5.71 1.09 -7.42 -5.01 
6.88 8.14 2.25 3.38 1.88 -6.85 -8.84 4.46 0.22 -4.46 
9.17 -8.58 -2.60 -5.18 -2.85 8.15 8.70 -0.57 6.95 8.96 
5.95 -7.41 1.84 9.21 -8.14 -8.92 -3.12 -2.31 1.48 9.74 
-8.36 -5.55 2.14 2.69 4.75 7.96 4.53 -0.90 1.95 -0.94 
6.20 -6.76 0.17 -4.92 0.42 8.55 8.94 7.76 -4.78 2.27 
-2.30 2.74 -4.19 7.68 -7.19 -9.29 1.37 -6.31 -0.55 -0.28 

Matriz C
-69.68 -31.49 -176.87 57.92 -19.33 21.41 219.52 -52.44 137.82 118.78 
-54.61 115.41 -37.57 -25.07 61.82 31.66 -0.42 63.70 19.61 -26.04 
27.09 -13.71 38.85 87.48 -3.57 50.70 -0.63 129.05 -27.01 -27.65 
99.47 -90.47 22.81 -212.96 132.51 338.46 159.36 200.13 -46.95 -102.20 
-72.64 -60.37 -39.68 -42.39 32.60 82.22 85.75 41.29 53.84 142.96 
173.19 -183.55 12.25 -229.57 3.80 276.66 126.98 130.15 33.74 95.33 
159.73 -54.04 18.64 124.77 -17.92 21.50 74.71 85.85 65.52 191.32 
-10.90 -145.14 -35.70 -28.22 -122.37 -12.59 -24.82 -24.10 130.35 181.00 
-125.85 58.84 122.82 53.17 76.43 -3.39 -123.13 -30.39 -98.91 -160.48 
318.19 -150.33 73.19 -163.64 -64.68 42.55 -53.68 90.94 -69.91 -7.67 

Vetor V
443.99 -554.86 -1.26 -378.51 79.28 849.19 463.63 634.19 198.09 405.34 

E
4278.16

####### AxB_24 #######
Matriz A
4.49 4.36 3.96 -8.34 0.01 6.35 -0.85 -4.66 0.85 -1.55 
-1.65 1.51 -5.59 -9.89 8.05 7.72 -8.40 -8.97 -1.44 -8.69 
0.76 -6.99 1.80 -1.75 -4.29 -6.00 6.69 -3.59 8.43 -0.91 
-4.39 -2.35 1.12 1.22 2.57 7.56 -2.58 4.57 -3.08 0.33 
6.23 6.95 4.81 -0.03 -0.66 0.19 0.10 3.17 -2.54 2.82 
-2.31 9.77 -5.11 -9.99 1.86 -6.28 -6.47 -8.62 3.48 -5.62 
8.54 1.24 5.34 -6.67 0.40 -1.49 7.19 -2.76 -3.43 1.26 
-3.66 2.21 -3.95 -6.53 7.18 -8.57 4.38 1.95 -5.68 -3.19 
-6.01 2.45 -4.49 4.07 6.49 6.03 4.66 -3.85 -4.13 -3.70 
7.35 3.56 -5.47 -7.11 9.44 1.28 4.91 -0.76 -1.42 -3.47 

Matriz B
-2.78 9.44 -2.92 6.92 -3.03 -8.49 2.82 -6.91 -5.08 0.53 
9.87 -2.39 6.08 -9.47 0.63 -1.40 -1.66 7.72 1.36 0.23 
6.42 -4.22 -3.50 6.02 -7.36 -8.64 -4.39 0.72 4.20 -2.22 
-8.56 0.20 1.11 -0.53 -9.70 -1.70 -2.99 -6.02 -1.72 -8.63 
3.93 8.59 -5.63 -6.25 8.22 -3.10 1.06 -6.79 -0.71 -8.73 
0.06 8.61 9.50 4.95 -4.42 -1.39 -0.69 8.52 8.16 9.38 
-7.80 -4.47 -0.08 -7.34 2.62 2.14 9.88 3.84 3.19 1.26 
-2.27 -3.09 -7.15 -9.58 8.25 -7.26 7.61 2.32 -4.77 4.94 
8.73 9.34 2.73 3.43 -8.64 7.95 -9.46 9.98 2.76 8.07 
-5.68 -1.71 -1.48 4.63 -5.33 7.48 2.05 1.01 5.43 -2.56 

Matriz C
161.22 97.13 88.55 96.03 -26.84 -45.94 -46.47 102.57 79.35 112.78 
223.03 204.72 124.34 36.19 137.82 12.02 -105.29 13.47 26.08 55.10 
-27.06 -11.10 -36.31 90.32 -91.80 112.99 -32.17 31.20 8.08 52.13 
-22.70 14.94 11.95 -14.55 35.25 -50.38 19.57 22.91 44.84 26.22 
33.66 -20.93 -21.06 -15.43 -22.54 -124.25 39.10 5.59 -6.42 -9.91 
294.83 33.99 82.78 -60.70 102.53 104.39 -138.09 65.92 -32.26 15.17 
-5.56 -13.41 -51.97 40.90 29.16 -90.63 105.04 -32.60 13.24 -2.43 
20.17 -109.78 -116.22 -238.95 295.44 -10.94 141.71 -81.52 -87.12 -101.90 
-39.56 23.66 94.78 -133.31 75.87 28.38 37.47 4.03 54.34 -64.88 
48.36 147.72 -23.25 -114.37 198.50 -60.30 118.26 -38.22 -42.97 7.67 

Vetor V
686.40 366.95 153.59 -313.87 733.38 -124.66 139.13 93.34 57.16 89.95 

E
1881.37

####### AxB_22 #######
Matriz A
0.21 0.09 5.33 -0.49 2.23 -1.89 -9.18 2.17 -3.38 -4.44 
-2.10 6.65 8.00 -0.32 -6.30 -7.32 -0.69 -3.12 8.74 4.37 
8.71 3.63 -2.18 5.60 -2.87 0.43 1.49 -3.53 1.46 5.49 
0.47 9.14 6.79 -2.56 -9.48 -1.55 3.00 0.16 5.95 -5.32 
6.95 1.91 -2.74 -3.99 4.77 1.99 -4.74 8.00 3.80 5.40 
-5.51 8.52 -9.87 -2.39 8.14 1.81 -5.61 -7.87 6.38 2.58 
9.20 -9.61 -3.92 -1.08 -5.03 4.86 -7.33 -4.22 4.49 1.51 
-4.73 6.79 4.61 0.82 -9.52 5.42 -5.07 9.55 7.07 -5.90 
-6.80 4.67 -6.13 9.50 9.03 1.63 -2.18 2.41 6.54 3.75 
8.94 2.02 -3.38 4.73 -3.18 8.50 -0.96 -3.03 4.24 -2.75 

Matriz B
-7.07 -3.61 -4.55 -8.09 -0.35 -1.22 8.42 -6.18 -5.48 -1.80 
9.40 5.36 2.56 3.33 -2.02 -1.76 -5.81 2.34 -2.26 -8.60 
5.20 -4.06 -5.13 3.93 1.13 -7.11 -0.76 1.17 -9.26 0.35 
-0.12 -0.86 -8.10 5.63 -4.28 6.42 -6.72 -8.46 -7.08 -0.54 
-6.64 3.84 -6.80 -1.36 1.86 -7.04 -1.95 3.67 7.62 5.63 
-3.41 -2.42 3.81 -8.44 -2.49 -3.03 -0.09 2.96 -9.09 7.82 
-4.60 4.86 -0.55 6.86 -8.98 -1.37 -7.65 4.26 1.14 3.06 
9.63 6.20 -9.75 -8.07 -2.04 1.16 -6.88 1.39 3.83 8.05 
1.70 6.02 0.19 -4.01 1.91 6.78 -7.22 -6.60 -1.68 7.94 
1.19 -8.25 -0.40 3.65 -1.71 3.61 -9.97 -8.61 -2.73 -4.27 

Matriz C
70.87 -23.24 -61.44 -53.43 95.86 -75.28 120.28 36.33 2.58 -19.75 
178.98 -1.59 33.79 140.47 26.00 70.81 -127.23 -106.77 -96.15 -119.64 
-53.71 -71.16 -11.68 17.75 -56.00 76.92 -30.56 -159.98 -130.44 -99.19 
177.97 84.56 65.77 40.89 -20.58 7.28 -32.45 28.24 -117.57 -60.76 
28.32 18.09 -82.04 -198.98 35.88 3.45 -33.22 -65.18 33.59 71.69 
-28.28 75.63 148.42 3.22 68.63 34.90 -63.09 -1.27 110.53 -46.41 
-156.30 -146.17 60.54 -190.81 75.35 88.35 190.54 -158.59 -103.44 47.79 
286.16 110.18 7.38 -110.92 8.08 61.57 -89.36 20.49 -124.70 82.77 
42.26 109.81 -80.36 26.98 -21.16 99.80 -245.84 -78.01 55.73 77.03 
-91.06 -19.81 29.51 -128.84 -30.75 53.19 64.75 -93.61 -169.56 29.44 

Vetor V
455.20 136.30 109.89 -453.69 181.32 420.98 -246.17 -578.35 -539.44 -37.03 

E
-550.99

####### AxB_25 #######
Matriz A
-7.30 6.96 3.79 3.97 -6.14 5.27 -9.00 -4.34 -0.72 -3.86 
-0.42 1.57 5.92 9.90 -2.21 -2.43 6.72 5.64 -1.76 -7.37 
2.12 -7.83 -1.40 -3.19 6.13 -9.26 6.79 -8.33 7.13 -0.17 
-7.25 0.92 -5.53 -9.30 0.03 -6.12 -6.19 -7.93 -5.99 8.48 
3.13 -7.12 -6.76 3.18 4.24 5.77 2.38 -0.78 -9.17 6.30 
5.77 5.88 -1.80 4.38 8.12 9.75 3.88 -0.04 -1.07 -2.76 
5.44 3.10 -4.67 -9.40 -7.50 0.49 -6.19 5.83 -3.50 -5.76 
-3.88 6.36 3.74 0.00 1.41 1.18 -3.00 -7.37 -0.42 4.01 
7.08 8.23 -1.86 3.39 5.45 6.77 -2.17 -6.36 5.91 6.87 
9.65 -5.42 1.88 -3.41 -6.91 9.92 0.34 -4.65 -6.32 8.07 

Matriz B
4.99 -5.23 -0.90 5.18 9.65 -7.60 0.69 7.95 -0.08 1.09 
8.68 7.81 -3.57 0.83 3.13 -7.97 -8.49 -9.67 -6.34 1.62 
-5.73 -7.51 -9.63 1.57 -6.00 -0.46 -0.39 -7.99 -5.88 5.42 
6.01 -4.31 -8.38 -9.86 1.63 2.83 2.78 -8.94 -7.12 4.12 
-4.73 -9.90 -2.61 4.03 -3.41 -4.33 -4.94 -8.68 0.11 0.47 
-8.12 -1.22 -8.13 2.38 6.71 -3.49 -2.42 -1.75 1.00 0.23 
2.31 -8.34 -6.75 6.54 -2.95 7.72 -7.77 -8.14 -6.28 -4.25 
1.80 1.92 8.46 0.13 -7.87 -2.39 3.50 3.82 -3.14 -8.76 
-5.43 2.71 -9.86 0.77 -5.68 -7.44 -1.51 6.63 -4.65 -8.78 
-9.64 0.34 6.75 9.09 5.31 9.56 9.09 -5.71 -0.44 -7.89 

Matriz C
24.90 164.78 -109.79 -172.50 35.67 -72.96 -16.25 -73.09 -14.31 151.59 
173.57 -100.32 -149.71 -127.55 -120.64 15.06 -68.42 -133.63 -166.38 69.00 
-58.73 -150.72 -62.21 83.67 -79.76 61.34 -42.48 56.42 22.27 -47.50 
-80.64 156.93 275.10 62.74 69.49 142.02 84.62 3.20 175.26 5.37 
-62.09 -127.99 113.35 64.83 162.58 155.26 89.07 -46.71 95.61 -0.82 
40.20 -118.17 -180.62 44.14 110.05 -135.05 -150.53 -146.38 -65.75 45.19 
126.54 196.37 210.11 -7.73 65.43 -150.49 10.42 281.20 113.34 -5.09 
-58.41 37.57 -79.39 15.09 53.67 2.77 -33.35 -165.95 -18.50 76.64 
-57.73 -11.37 -166.57 97.22 196.98 -136.02 -50.02 -104.57 -55.48 -12.10 
-129.09 -62.06 33.67 147.93 263.79 92.55 116.57 78.70 94.28 28.02 

Vetor V
-81.47 -14.97 -116.06 207.84 757.25 -25.52 -60.37 -250.80 180.34 310.30 

E
906.52

####### AxB_26 #######
Matriz A
-7.69 -8.86 7.38 5.09 6.84 -3.13 -5.65 2.66 7.16 7.14 
-0.57 0.15 -6.24 -0.55 9.37 3.78 -3.09 -0.87 9.80 -6.03 
-0.31 -1.28 -6.08 -3.08 -1.64 -5.24 7.23 9.84 1.31 -2.52 
-3.16 7.28 8.70 -0.30 1.10 8.53 2.07 -3.84 4.69 0.79 
-2.48 4.01 -9.56 -8.26 -4.67 2.55 6.03 -4.03 9.39 -5.79 
-3.61 5.42 5.65 6.87 -0.06 9.01 -1.32 7.60 0.75 -4.85 
1.30 -8.53 8.92 -4.95 4.39 2.24 -3.94 0.02 2.87 4.42 
0.73 -7.37 1.08 -5.91 5.20 2.39 1.70 7.29 6.92 2.60 
0.76 9.77 2.29 4.06 9.79 -2.65 9.41 3.04 -5.85 -4.29 
0.44 -1.87 8.23 -9.17 5.32 6.68 3.20 8.31 -6.74 9.98 

Matriz B
5.92 9.43 3.78 -2.83 -5.25 -5.77 5.69 9.56 1.57 7.01 
-0.81 -0.40 8.49 9.26 8.39 -3.84 8.56 0.84 0.56 -1.03 
-0.53 -1.97 -9.46 2.59 8.92 -3.85 -3.67 8.03 9.03 -9.08 
-6.18 -4.16 -6.18 9.68 2.19 7.18 2.40 -1.95 -0.98 7.49 
1.85 -6.59 -5.16 8.32 6.89 9.23 3.51 -9.50 5.01 -2.08 
7.74 7.38 -6.89 -6.26 -7.29 -2.50 5.08 6.40 -2.29 -9.66 
-6.26 -1.66 -0.58 -6.56 -5.85 5.64 0.09 5.72 -7.27 9.35 
-2.79 9.52 1.21 2.06 4.42 4.09 -8.15 -9.83 7.31 1.32 
4.78 -0.87 4.69 4.59 -3.41 9.07 -5.38 1.55 6.23 -7.90 
2.77 -1.59 -7.07 0.31 -8.71 -7.77 5.78 2.72 -6.16 -2.49 

Matriz C
-3.34 -155.74 -229.69 162.23 71.16 145.96 -145.80 -144.58 147.20 -181.32 
101.71 -26.80 76.49 97.40 17.72 214.58 -9.05 -129.52 95.97 -100.06 
-95.57 79.06 140.75 -59.31 -24.51 118.45 -131.33 -125.01 -6.25 161.83 
63.06 -38.23 -84.47 52.02 48.06 -24.17 69.70 149.50 45.18 -220.31 
51.62 30.46 249.28 -121.94 -142.14 74.61 -18.56 52.60 -88.25 -20.20 
-24.38 72.57 -77.54 110.89 144.77 72.64 -26.96 -34.04 120.42 -113.80 
116.50 3.50 -174.86 -44.55 -20.90 -40.16 -73.86 52.91 118.97 -201.43 
83.66 72.08 -54.90 -59.99 -74.54 101.48 -128.15 -57.26 101.17 -110.89 
-139.35 -76.98 7.92 147.94 209.77 121.20 92.94 -80.82 22.27 159.01 
70.18 104.87 -202.84 -115.28 -22.64 -147.12 13.40 32.13 28.32 -144.71 

Vetor V
224.10 64.79 -349.86 169.43 206.76 637.46 -357.67 -284.08 585.00 -771.89 

E
124.05

####### AxB_26 #######
Matriz A
-7.69 -8.86 7.38 5.09 6.84 -3.13 -5.65 2.66 7.16 7.14 
-0.57 0.15 -6.24 -0.55 9.37 3.78 -3.09 -0.87 9.80 -6.03 
-0.31 -1.28 -6.08 -3.08 -1.64 -5.24 7.23 9.84 1.31 -2.52 
-3.16 7.28 8.70 -0.30 1.10 8.53 2.07 -3.84 4.69 0.79 
-2.48 4.01 -9.56 -8.26 -4.67 2.55 6.03 -4.03 9.39 -5.79 
-3.61 5.42 5.65 6.87 -0.06 9.01 -1.32 7.60 0.75 -4.85 
1.30 -8.53 8.92 -4.95 4.39 2.24 -3.94 0.02 2.87 4.42 
0.73 -7.37 1.08 -5.91 5.20 2.39 1.70 7.29 6.92 2.60 
0.76 9.77 2.29 4.06 9.79 -2.65 9.41 3.04 -5.85 -4.29 
0.44 -1.87 8.23 -9.17 5.32 6.68 3.20 8.31 -6.74 9.98 

Matriz B
5.92 9.43 3.78 -2.83 -5.25 -5.77 5.69 9.56 1.57 7.01 
-0.81 -0.40 8.49 9.26 8.39 -3.84 8.56 0.84 0.56 -1.03 
-0.53 -1.97 -9.46 2.59 8.92 -3.85 -3.67 8.03 9.03 -9.08 
-6.18 -4.16 -6.18 9.68 2.19 7.18 2.40 -1.95 -0.98 7.49 
1.85 -6.59 -5.16 8.32 6.89 9.23 3.51 -9.50 5.01 -2.08 
7.74 7.38 -6.89 -6.26 -7.29 -2.50 5.08 6.40 -2.29 -9.66 
-6.26 -1.66 -0.58 -6.56 -5.85 5.64 0.09 5.72 -7.27 9.35 
-2.79 9.52 1.21 2.06 4.42 4.09 -8.15 -9.83 7.31 1.32 
4.78 -0.87 4.69 4.59 -3.41 9.07 -5.38 1.55 6.23 -7.90 
2.77 -1.59 -7.07 0.31 -8.71 -7.77 5.78 2.72 -6.16 -2.49 

Matriz C
-3.34 -155.74 -229.69 162.23 71.16 145.96 -145.80 -144.58 147.20 -181.32 
101.71 -26.80 76.49 97.40 17.72 214.58 -9.05 -129.52 95.97 -100.06 
-95.57 79.06 140.75 -59.31 -24.51 118.45 -131.33 -125.01 -6.25 161.83 
63.06 -38.23 -84.47 52.02 48.06 -24.17 69.70 149.50 45.18 -220.31 
51.62 30.46 249.28 -121.94 -142.14 74.61 -18.56 52.60 -88.25 -20.20 
-24.38 72.57 -77.54 110.89 144.77 72.64 -26.96 -34.04 120.42 -113.80 
116.50 3.50 -174.86 -44.55 -20.90 -40.16 -73.86 52.91 118.97 -201.43 
83.66 72.08 -54.90 -59.99 -74.54 101.48 -128.15 -57.26 101.17 -110.89 
-139.35 -76.98 7.92 147.94 209.77 121.20 92.94 -80.82 22.27 159.01 
70.18 104.87 -202.84 -115.28 -22.64 -147.12 13.40 32.13 28.32 -144.71 

Vetor V
224.10 64.79 -349.86 169.43 206.76 637.46 -357.67 -284.08 585.00 -771.89 

E
248.09

####### AxB_30 #######
Matriz A
1.36 -1.83 -2.89 -7.03 7.42 -1.21 -7.43 -6.37 -1.58 1.43 
6.08 -5.59 1.68 -9.45 -1.50 1.06 -9.25 -8.38 4.44 9.24 
6.78 -1.29 -4.80 -9.25 8.37 9.76 -5.90 -9.06 -2.02 1.58 
-7.49 -6.69 6.01 3.36 -5.15 5.73 -9.58 -3.55 -2.84 -1.96 
-5.10 -0.77 1.95 2.04 1.97 5.21 -6.97 -9.15 3.43 -8.03 
-8.20 -3.13 -4.99 -1.88 -1.20 7.08 -1.58 -3.50 5.45 7.91 
0.22 -8.52 9.83 -7.08 -8.89 -9.52 0.97 8.95 9.15 8.97 
8.62 4.56 -2.11 3.63 -2.29 -1.49 5.34 9.65 0.75 -1.60 
1.08 -8.48 6.61 -8.00 -5.62 -3.63 -2.37 4.72 0.35 -1.98 
4.81 6.67 -4.05 -6.58 9.98 2.47 -8.22 0.97 -2.80 -3.16 

Matriz B
7.32 -7.08 3.34 -4.57 2.22 4.57 7.22 -4.63 0.48 -8.50 
-7.34 1.52 -8.19 -2.92 6.75 -3.45 9.48 -1.25 -5.13 9.88 
-5.21 -8.54 3.94 -7.27 -6.45 -5.29 7.04 -8.71 0.14 -5.54 
-5.74 -1.10 2.45 -1.30 2.94 -8.89 -4.35 2.95 4.03 -5.25 
-2.95 5.87 -5.82 8.37 -7.29 4.76 7.46 -7.59 6.94 5.33 
9.71 -9.04 -6.43 6.17 -5.34 -3.38 -7.93 -7.41 0.52 9.97 
-0.76 -5.02 2.85 7.48 -9.90 -5.66 3.69 3.81 2.78 -1.60 
5.62 8.30 5.08 3.11 -2.84 -7.52 -5.77 2.67 -4.18 -6.67 
6.59 -8.75 -1.52 -3.89 -0.76 2.57 9.24 -6.18 -8.75 -5.12 
-2.33 -7.43 -0.29 4.53 -4.73 6.38 -2.69 -4.17 7.79 0.58 

Matriz C
1.26 62.12 -96.03 21.15 27.09 224.74 58.55 -88.44 63.11 114.06 
113.41 -204.51 -26.89 -88.07 10.72 297.21 54.63 -183.73 26.33 -10.71 
143.85 -77.54 -180.06 92.69 -24.82 256.33 35.80 -191.88 86.54 227.83 
-12.31 -36.15 14.36 -82.58 32.63 -55.58 -209.50 -23.02 10.13 28.72 
-13.58 -30.80 -112.24 -72.95 65.08 8.51 14.48 -78.65 -47.32 126.64 
71.04 -100.64 -97.42 110.90 -57.71 86.53 -137.48 -45.59 23.37 143.04 
76.32 -134.09 236.57 -131.40 -110.00 39.15 42.35 -25.22 -94.89 -348.53 
70.92 18.57 78.50 -10.66 25.57 -114.38 44.81 60.05 -66.11 -140.32 
98.21 -5.64 152.82 -100.64 -41.49 22.05 -31.82 3.65 -72.99 -184.36 
40.27 151.46 -157.93 33.42 72.23 129.92 99.63 -107.04 -15.47 179.00 

Vetor V
589.39 -357.21 -188.33 -228.14 -0.69 894.47 -28.54 -679.88 -87.30 135.36 

E
49.14

####### AxB_27 #######
Matriz A
-4.95 -4.42 -9.83 0.68 3.56 -5.67 -3.15 -5.02 -0.81 -6.66 
-3.32 7.62 9.58 -0.69 -4.14 -7.49 8.77 -9.02 -2.27 6.14 
-5.81 -4.90 8.00 -1.62 0.70 6.71 -5.60 -6.91 2.24 0.64 
8.54 5.64 -1.09 8.77 -5.77 -4.24 -3.53 0.05 1.72 -6.26 
-0.54 -1.42 -4.31 -5.12 -4.43 6.13 9.19 -7.07 4.36 6.25 
-4.44 -9.54 1.66 9.88 -1.82 -8.09 2.37 -2.76 8.53 5.16 
8.97 6.38 -0.55 -1.72 -3.31 -4.77 -5.50 5.69 4.47 7.93 
0.75 0.73 -3.90 -8.04 6.07 -5.53 4.64 5.08 -6.21 8.14 
-7.50 5.52 -1.13 9.74 -4.16 9.17 1.67 -4.72 -0.53 8.26 
-4.94 0.43 -4.45 -8.36 8.56 4.21 -7.26 0.47 7.95 3.77 

Matriz B
7.85 0.15 9.68 4.08 -7.44 -3.58 1.05 9.86 -9.65 -9.38 
0.65 -5.56 -5.62 0.21 7.77 -9.10 -6.59 6.95 -9.72 1.17 
4.73 0.44 -0.81 -7.34 1.77 6.37 7.68 -2.90 7.56 0.19 
3.48 2.17 -4.18 -5.84 6.43 6.24 -8.64 -9.57 2.27 3.15 
-7.87 -5.77 -6.43 -6.83 8.18 -7.46 7.40 -4.35 -1.72 -4.27 
2.37 -5.52 4.06 8.56 6.87 7.58 9.55 -3.33 -5.95 6.77 
-0.53 -7.71 -9.80 2.39 5.27 -0.25 2.48 -8.90 -8.15 4.85 
9.79 6.75 9.10 3.84 -8.50 -6.53 5.42 -7.39 -0.07 -1.45 
-9.58 1.35 -6.57 5.85 -5.00 9.12 0.10 4.73 -0.29 -2.86 
-2.75 -5.67 2.98 1.20 9.23 4.49 6.57 -3.47 9.12 -6.65 

Matriz C
-148.72 58.81 -93.20 -65.33 -51.73 -73.69 -164.10 30.28 11.09 26.55 
-51.46 -141.29 -218.44 -133.66 202.02 36.95 -63.36 -1.44 66.33 27.95 
-94.10 -18.77 -26.48 -47.38 84.65 221.71 123.98 -15.15 170.68 59.82 
134.53 110.54 40.18 -9.77 -126.99 -35.08 -244.97 142.76 -119.24 -30.64 
-127.02 -161.60 -83.40 169.59 102.72 146.66 71.66 14.55 -72.71 47.66 
-127.85 75.06 -142.16 -95.66 -4.16 245.58 -79.46 -152.85 247.28 -28.29 
74.71 49.21 160.47 78.17 -115.55 -75.28 -22.29 181.65 -7.11 -200.80 
-16.56 -83.63 44.25 -5.97 40.61 -225.96 119.50 -43.72 -1.74 -116.84 
-37.00 -130.08 -110.66 21.56 316.10 193.40 -47.52 -149.11 47.09 148.65 
-224.11 -47.36 -15.21 74.48 30.20 -10.51 143.69 81.60 42.31 -72.09 

Vetor V
-617.57 -289.11 -444.66 -13.98 477.87 423.78 -162.89 88.57 383.98 -138.02 

E
-292.03

####### AxB_29 #######
Matriz A
-8.01 -4.19 1.88 -8.93 -3.42 3.65 -1.68 6.15 -9.56 6.20 
4.55 1.99 -3.40 8.01 8.79 6.59 8.13 -3.95 6.95 -0.42 
-5.24 -2.46 -9.01 -8.22 -5.74 -7.98 4.84 5.78 0.41 7.35 
-8.41 5.12 5.55 5.46 5.60 -3.63 -5.54 1.64 -7.76 3.05 
6.08 -1.63 -7.30 -9.06 8.17 -4.00 1.38 -8.57 8.80 2.72 
4.56 -7.91 6.09 -0.87 -3.58 -1.04 -3.16 4.69 6.88 1.24 
-8.73 -0.73 5.81 -5.73 5.96 6.48 -5.77 1.04 0.38 8.96 
-5.52 4.42 3.28 2.18 9.75 -7.26 5.35 8.56 0.27 -3.70 
-4.68 -6.19 -3.07 -7.94 8.06 9.47 -5.12 9.50 -7.93 3.28 
5.85 -4.20 -8.56 3.52 -5.70 6.31 -1.82 -0.75 7.27 1.91 

Matriz B
-0.62 -9.75 -2.27 9.45 5.14 7.95 3.26 -9.97 -7.53 2.37 
4.09 6.01 -7.45 9.32 6.09 3.18 0.53 -1.15 9.14 7.98 
2.65 3.59 1.92 -4.43 -1.59 -7.70 -4.34 3.43 9.22 9.14 
6.46 -3.75 9.10 2.94 -1.71 -6.66 2.90 -6.93 -4.25 9.85 
-6.13 1.13 7.49 8.47 -8.13 4.26 -1.12 4.54 -8.68 -7.45 
-3.21 -3.89 -7.03 -0.42 -6.96 6.85 9.20 -1.73 9.72 0.54 
-0.49 -6.99 -6.72 9.45 -9.57 -9.42 1.88 3.26 -7.64 3.11 
-0.52 8.69 9.89 -3.87 -7.13 9.57 0.80 1.57 3.83 -9.05 
6.08 7.49 2.06 -6.69 -8.79 -7.09 -3.70 1.92 6.40 -7.20 
4.71 -7.85 9.00 -6.37 7.23 -0.80 6.25 5.33 -7.52 -2.54 

Matriz C
-86.93 20.00 28.69 -195.04 49.08 115.93 50.90 150.04 71.05 -103.55 
11.36 -126.15 -22.44 220.13 -203.88 -65.40 88.44 -54.91 -123.31 24.62 
8.75 21.11 42.86 -128.16 50.68 -3.54 -11.96 133.69 -126.39 -215.79 
22.50 103.58 173.66 -17.55 81.12 -10.23 -33.95 76.73 30.21 97.81 
-55.46 -76.08 -60.23 88.86 0.05 7.52 -41.41 45.45 -206.78 -206.01 
47.40 37.77 125.80 -191.99 -51.29 -27.50 -43.73 -7.02 50.99 -84.07 
-29.73 86.48 113.84 -202.30 -33.07 45.92 26.84 194.67 131.36 -123.61 
-15.05 191.30 145.76 105.73 -180.49 -45.23 -108.50 114.60 -30.79 -56.29 
-196.85 32.65 113.93 -100.36 -100.05 311.58 97.67 118.96 6.28 -274.82 
48.42 -111.53 -16.47 -61.62 -12.82 51.46 109.66 -127.02 -22.32 -73.41 

Vetor V
-245.57 179.13 645.41 -482.29 -400.68 380.51 133.96 645.20 -219.71 -1015.12 

E
-379.15

####### AxB_31 #######
Matriz A
9.87 7.10 6.51 -3.67 9.65 -8.81 9.98 1.88 -7.44 5.54 
5.99 -5.84 -3.04 3.48 -0.64 -4.74 -8.84 0.62 5.91 9.74 
-4.03 6.00 8.82 -1.25 4.04 -7.29 -8.43 -9.56 -9.21 1.01 
-1.11 -1.96 -4.00 7.91 5.35 -4.14 7.92 -3.50 -5.33 -2.64 
-6.95 2.08 5.80 0.00 -6.32 6.33 7.90 -0.48 4.77 -3.58 
-2.15 -7.75 -2.71 6.82 7.18 -7.06 7.82 5.67 5.54 5.55 
-2.51 9.35 0.43 6.90 8.75 4.94 -9.66 2.05 5.02 -4.52 
-8.38 -8.39 -4.18 -0.47 -2.97 -1.28 4.21 3.31 -5.63 0.57 
-9.10 7.02 7.51 -3.11 6.80 2.92 -7.96 -1.34 5.65 7.59 
-7.84 4.42 1.02 -2.05 -0.76 -9.03 9.96 3.72 9.28 3.85 

Matriz B
9.82 0.29 2.45 -3.99 7.19 -3.15 -3.01 3.62 8.52 9.53 
5.68 -3.72 -3.05 -0.49 -6.63 -9.10 -7.61 8.22 8.38 -4.78 
-8.85 2.69 -0.67 -4.64 -5.86 -3.20 -0.39 0.07 0.83 -3.16 
8.30 3.77 -3.42 0.96 1.30 -0.85 -6.74 -5.44 9.36 -3.77 
6.53 4.27 0.86 -0.31 7.04 -9.14 9.52 -4.02 -9.16 -3.86 
-2.02 3.05 -4.28 7.63 -7.92 -6.75 -9.77 7.83 7.75 8.42 
2.53 9.32 6.39 -9.83 3.02 3.21 -5.56 -5.04 4.01 5.29 
2.08 -6.15 9.14 -0.42 -3.81 -9.34 -5.84 1.62 -0.11 -2.56 
-8.28 -4.80 -8.52 0.37 -9.37 -2.66 -0.87 -5.77 -7.80 9.85 
-3.22 -9.47 -9.65 5.48 -0.43 -2.53 -5.75 -6.27 -0.67 -1.52 

Matriz C
202.91 59.16 147.61 -218.09 208.99 -121.90 24.55 -32.32 52.10 -91.77 
-14.54 -195.59 -152.81 102.64 48.54 4.36 28.74 -129.62 -86.87 39.10 
-21.03 5.41 -67.66 3.15 60.94 27.39 186.05 42.64 -43.53 -279.60 
187.71 182.17 90.71 -94.53 197.52 85.43 54.10 -115.64 39.23 -71.53 
-170.80 85.76 -19.78 -45.25 -209.84 25.65 -143.87 21.64 66.90 78.64 
44.44 14.62 34.29 -71.38 114.85 5.57 44.54 -289.91 -158.36 -14.77 
81.90 -39.84 -114.31 116.23 -133.19 -249.81 -11.88 85.15 4.95 -88.20 
-51.35 39.69 112.01 5.91 61.10 148.44 36.98 -82.07 -72.24 -66.61 
-197.41 -147.28 -229.24 137.70 -210.42 -185.74 31.73 -4.51 -162.17 -128.51 
-120.95 -65.54 -6.94 -121.19 -100.85 13.65 -22.94 -170.33 -146.55 -35.72 

Vetor V
-59.11 -61.45 -206.12 -184.81 37.64 -246.96 228.02 -674.97 -506.52 -658.95 

E
-2333.24

####### AxB_31 #######
Matriz A
9.87 7.10 6.51 -3.67 9.65 -8.81 9.98 1.88 -7.44 5.54 
5.99 -5.84 -3.04 3.48 -0.64 -4.74 -8.84 0.62 5.91 9.74 
-4.03 6.00 8.82 -1.25 4.04 -7.29 -8.43 -9.56 -9.21 1.01 
-1.11 -1.96 -4.00 7.91 5.35 -4.14 7.92 -3.50 -5.33 -2.64 
-6.95 2.08 5.80 0.00 -6.32 6.33 7.90 -0.48 4.77 -3.58 
-2.15 -7.75 -2.71 6.82 7.18 -7.06 7.82 5.67 5.54 5.55 
-2.51 9.35 0.43 6.90 8.75 4.94 -9.66 2.05 5.02 -4.52 
-8.38 -8.39 -4.18 -0.47 -2.97 -1.28 4.21 3.31 -5.63 0.57 
-9.10 7.02 7.51 -3.11 6.80 2.92 -7.96 -1.34 5.65 7.59 
-7.84 4.42 1.02 -2.05 -0.76 -9.03 9.96 3.72 9.28 3.85 

Matriz B
9.82 0.29 2.45 -3.99 7.19 -3.15 -3.01 3.62 8.52 9.53 
5.68 -3.72 -3.05 -0.49 -6.63 -9.10 -7.61 8.22 8.38 -4.78 
-8.85 2.69 -0.67 -4.64 -5.86 -3.20 -0.39 0.07 0.83 -3.16 
8.30 3.77 -3.42 0.96 1.30 -0.85 -6.74 -5.44 9.36 -3.77 
6.53 4.27 0.86 -0.31 7.04 -9.14 9.52 -4.02 -9.16 -3.86 
-2.02 3.05 -4.28 7.63 -7.92 -6.75 -9.77 7.83 7.75 8.42 
2.53 9.32 6.39 -9.83 3.02 3.21 -5.56 -5.04 4.01 5.29 
2.08 -6.15 9.14 -0.42 -3.81 -9.34 -5.84 1.62 -0.11 -2.56 
-8.28 -4.80 -8.52 0.37 -9.37 -2.66 -0.87 -5.77 -7.80 9.85 
-3.22 -9.47 -9.65 5.48 -0.43 -2.53 -5.75 -6.27 -0.67 -1.52 

Matriz C
202.91 59.16 147.61 -218.09 208.99 -121.90 24.55 -32.32 52.10 -91.77 
-14.54 -195.59 -152.81 102.64 48.54 4.36 28.74 -129.62 -86.87 39.10 
-21.03 5.41 -67.66 3.15 60.94 27.39 186.05 42.64 -43.53 -279.60 
187.71 182.17 90.71 -94.53 197.52 85.43 54.10 -115.64 39.23 -71.53 
-170.80 85.76 -19.78 -45.25 -209.84 25.65 -143.87 21.64 66.90 78.64 
44.44 14.62 34.29 -71.38 114.85 5.57 44.54 -289.91 -158.36 -14.77 
81.90 -39.84 -114.31 116.23 -133.19 -249.81 -11.88 85.15 4.95 -88.20 
-51.35 39.69 112.01 5.91 61.10 148.44 36.98 -82.07 -72.24 -66.61 
-197.41 -147.28 -229.24 137.70 -210.42 -185.74 31.73 -4.51 -162.17 -128.51 
-120.95 -65.54 -6.94 -121.19 -100.85 13.65 -22.94 -170.33 -146.55 -35.72 

Vetor V
-59.11 -61.45 -206.12 -184.81 37.64 -246.96 228.02 -674.97 -506.52 -658.95 

E
-4666.49

####### AxB_35 #######
Matriz A
-6.42 2.71 -6.45 -6.89 -3.27 3.15 4.76 -0.77 -6.73 -3.15 
7.75 -2.15 -9.01 -4.96 -2.91 1.46 7.32 -2.95 7.19 -6.94 
8.75 0.07 -8.49 -1.95 -9.46 -2.20 -2.19 4.96 1.11 -0.82 
0.42 7.13 -4.79 9.64 6.15 -5.66 -1.73 7.37 0.77 4.21 
-7.41 -7.13 -5.32 -3.41 -2.96 -6.49 0.78 -4.23 -8.35 -5.36 
-5.31 2.78 8.43 3.51 5.39 -2.29 -6.27 -1.00 -1.21 -6.66 
1.67 7.54 5.53 2.66 3.00 -3.87 0.52 6.73 -5.38 1.69 
-8.75 -6.22 -9.18 -5.61 1.67 -1.61 -9.83 -8.17 -5.04 -8.90 
3.44 -6.37 9.29 -9.22 5.19 -7.52 -2.24 6.93 -2.97 -6.97 
-9.40 -5.89 -8.74 1.38 3.77 1.33 3.11 3.12 -2.13 1.54 

Matriz B
8.15 4.09 -9.20 9.81 -7.84 -0.77 -9.23 7.10 -8.99 5.50 
8.59 -0.41 -8.18 0.75 2.09 7.15 -3.22 9.01 -6.39 -8.29 
7.78 -7.43 -8.48 8.56 0.44 -1.48 -1.03 0.20 -2.39 5.29 
0.96 -8.50 -3.29 -9.07 7.89 -1.12 -9.37 -4.32 -6.32 5.91 
-5.44 -2.58 5.03 2.25 6.20 5.71 5.26 2.34 -2.20 -7.74 
-7.24 6.69 -5.54 -3.83 -9.97 -5.08 -6.25 0.15 1.37 -4.86 
-1.22 -9.12 2.64 6.14 -6.89 -9.97 8.93 -2.58 -9.89 0.13 
4.28 -3.45 -1.99 -8.69 5.95 7.96 0.99 5.76 -1.52 7.53 
-3.73 1.01 -4.54 7.72 1.60 -8.66 4.96 1.49 -0.57 1.98 
-1.24 4.74 6.58 4.72 2.27 -1.66 -1.00 -5.12 8.39 5.41 

Matriz C
-70.95 46.15 104.29 -104.00 -108.18 16.83 96.36 -10.49 42.37 -158.16 
-64.67 76.74 -36.83 123.47 -213.19 -173.69 71.76 59.06 -124.89 -45.67 
92.16 125.20 -64.14 -33.81 -79.78 18.74 -98.30 87.09 -22.09 109.85 
69.74 -90.20 13.98 -132.31 246.68 173.07 -53.05 64.67 -79.31 34.31 
-84.48 -21.01 217.01 -122.67 4.23 22.25 120.50 -122.46 102.57 -52.77 
52.96 -116.71 -70.02 -59.37 155.29 126.05 -15.17 28.85 -19.01 -64.27 
181.80 -118.97 -72.63 -22.03 114.96 170.42 -47.41 96.60 -103.25 36.48 
-192.12 138.14 199.63 -178.55 24.55 91.24 69.69 -75.74 207.76 -204.31 
115.07 -77.19 -12.30 102.79 34.30 131.01 118.98 96.69 -21.04 71.06 
-208.42 -17.63 237.64 -197.77 75.77 1.00 132.07 -119.61 106.47 -48.58 

Vetor V
-108.92 -55.50 516.62 -624.23 254.64 576.93 395.43 104.66 89.59 -322.07 

E
827.16

####### AxB_32 #######
Matriz A
-7.33 -6.24 -8.92 4.84 3.94 5.33 1.91 -8.93 7.31 -8.83 
-6.59 -0.60 -3.39 7.91 -0.85 -2.67 -2.82 -8.97 -2.83 -6.32 
4.44 -8.21 -7.52 9.76 9.47 5.20 7.03 6.74 -1.35 -5.54 
9.51 -9.36 -3.17 -8.19 9.46 9.14 -2.15 4.54 3.72 1.12 
-5.35 -6.67 -7.62 6.51 -0.36 5.51 -8.09 3.72 -8.78 -3.93 
3.54 7.87 -5.94 4.84 -6.36 7.36 0.30 2.68 -2.18 -4.67 
9.32 -6.02 -8.38 5.25 6.25 -4.01 -6.29 -7.26 5.85 8.23 
8.68 5.98 0.21 6.73 -0.27 -7.74 2.72 1.14 -5.01 -2.71 
0.96 -7.38 -6.78 8.35 6.25 6.91 4.72 4.91 -6.38 4.85 
-5.45 -2.44 8.69 3.96 2.38 -8.46 -7.94 8.82 -6.90 9.36 

Matriz B
-1.25 -2.10 5.56 3.50 2.07 -1.60 -8.69 5.23 -4.41 0.60 
7.05 8.00 2.98 -5.97 1.65 -3.44 3.44 0.96 1.27 3.11 
9.30 -6.00 -5.10 9.66 7.18 3.73 -6.04 -3.03 -5.15 6.38 
-6.24 6.98 -9.61 5.30 5.83 5.31 -3.37 -2.60 -0.86 -7.96 
-1.49 7.94 -7.60 -8.33 2.48 1.34 3.08 3.56 8.04 -5.67 
-4.25 -3.58 -2.02 0.82 -7.65 0.03 -7.01 3.64 3.80 -4.84 
0.32 1.62 2.20 -1.55 8.92 -4.61 -4.91 3.96 4.27 -3.34 
-9.25 -9.63 -7.65 6.94 -5.94 5.68 -3.56 -2.02 -1.70 -5.94 
9.18 7.94 -3.42 -7.70 8.46 -4.72 1.09 -5.69 0.88 6.74 
-6.55 -7.01 6.64 0.04 4.55 -4.81 9.60 7.14 9.60 8.11 

Matriz C
31.65 274.01 -112.20 -198.94 -0.55 -20.50 0.18 -75.49 63.11 -143.05 
33.22 191.05 -55.17 -41.76 0.89 46.55 47.14 -80.15 -37.98 -80.30 
-266.68 69.42 -205.96 15.07 -31.70 96.65 -174.75 47.74 60.41 -344.94 
-125.06 -116.12 -15.25 -49.93 -122.31 -12.63 -93.83 107.74 77.46 -61.94 
-266.56 -64.64 -124.04 95.31 -268.30 156.10 -12.92 -27.10 -19.51 -235.14 
-70.31 38.21 16.99 27.43 -119.13 9.10 -113.53 10.47 -52.38 -118.87 
-92.12 131.65 63.11 -125.27 99.93 -68.77 120.70 77.59 94.55 45.89 
-13.35 73.54 14.42 70.44 89.90 32.08 -74.27 21.49 -89.88 -61.03 
-341.31 -61.50 -96.93 55.86 -66.52 64.40 -51.16 123.88 143.39 -249.58 
-130.65 -201.59 -120.14 200.68 1.79 147.74 129.69 -32.96 -5.35 44.05 

Vetor V
-1241.17 334.02 -635.17 48.90 -416.00 450.74 -222.74 173.21 233.82 -1204.93 

E
-2479.33

####### AxB_34 #######
Matriz A
-3.79 -5.85 0.07 -8.48 8.15 1.71 0.16 2.14 -1.09 -5.14 
-9.95 8.64 5.30 1.22 7.78 -2.40 9.76 0.49 1.57 -9.21 
-7.83 -4.87 5.95 3.31 9.35 -2.29 5.10 -7.82 1.59 -7.39 
7.55 -0.29 4.28 4.81 -7.16 2.70 -0.66 7.23 6.86 -9.11 
-1.07 -3.61 -7.70 -0.90 5.69 2.88 -6.40 4.38 3.01 -3.02 
-6.16 -0.47 3.41 -6.69 8.62 5.15 -6.08 -3.59 1.53 0.65 
-4.73 5.62 4.44 0.98 -7.26 -1.55 -5.81 -4.07 -0.93 3.72 
-2.25 -3.21 -2.60 -4.46 5.43 -8.24 -1.57 -0.40 9.21 -5.84 
-9.90 -6.62 -1.39 -9.92 -2.23 -3.73 5.71 -3.66 7.71 1.30 
-0.66 8.93 7.91 -2.82 -3.40 -4.18 6.85 -0.42 5.22 -0.22 

Matriz B
7.47 1.09 8.88 6.03 -8.15 -3.56 -5.66 2.00 9.39 1.54 
0.97 1.25 -3.55 -5.22 0.25 7.17 2.56 -5.68 2.18 1.00 
-0.54 8.63 -5.26 -8.40 -6.76 -6.93 6.68 -8.63 1.71 -5.06 
-9.93 -5.63 -7.29 -0.23 -3.93 5.26 -3.03 5.68 -3.59 3.10 
-2.01 -6.73 7.99 -9.05 4.76 7.64 5.72 1.58 6.88 -8.71 
-2.55 -7.52 0.39 9.58 9.44 6.30 7.25 4.53 -5.46 1.19 
-6.56 -5.34 6.33 3.39 -5.49 6.91 2.33 -9.41 6.40 -1.83 
-2.27 -0.43 -8.69 9.04 2.96 -7.35 -3.75 -7.81 -6.55 -0.15 
1.18 6.27 -5.29 1.68 -9.56 5.41 -0.30 8.95 2.64 -4.54 
8.49 -1.08 -8.84 -8.21 -3.34 -9.18 8.38 4.60 -7.01 -4.07 

Matriz C
-21.39 -33.86 147.97 11.93 150.26 26.16 41.25 -54.12 49.12 -82.03 
-231.92 -28.02 36.06 -127.53 20.63 268.26 80.50 -230.35 124.68 -87.92 
-188.82 -33.53 123.30 -169.15 -9.41 195.30 77.25 -22.83 130.85 -106.24 
-67.78 98.87 -68.42 250.09 -128.16 -7.97 -157.89 -22.71 26.70 76.22 
-7.23 -72.59 29.16 101.13 147.09 55.76 -56.02 140.80 -44.96 -5.54 
43.02 5.95 27.55 -146.30 148.93 44.72 167.64 61.81 -13.75 -114.83 
54.37 118.11 -180.44 -133.12 -26.79 -83.13 48.26 2.62 -108.63 40.62 
8.36 94.24 74.22 -47.55 -60.41 64.65 -81.88 55.55 123.61 -79.56 
23.86 85.87 11.62 -38.18 -38.65 0.83 55.67 2.87 2.63 -80.79 
5.27 145.47 -66.07 -95.66 -178.44 25.10 52.35 -176.10 98.26 -51.49 

Vetor V
-382.26 380.50 134.96 -394.36 25.06 589.70 227.14 -242.45 388.51 -491.54 

E
235.24

####### AxB_36 #######
Matriz A
9.44 5.62 0.66 1.81 8.73 -8.51 2.57 4.42 -6.13 -6.59 
6.95 -8.70 1.60 -3.88 -8.34 5.50 1.39 -5.45 -6.71 1.32 
7.15 4.11 -2.15 6.08 7.34 -1.32 9.17 6.44 -0.08 -9.95 
-1.10 5.21 4.26 2.04 -7.86 -9.72 0.70 3.24 -8.90 1.22 
-7.25 9.86 1.28 -7.82 8.35 -4.06 6.72 -5.83 8.91 -9.35 
8.89 -5.61 -3.00 -4.06 -7.99 0.05 -6.50 -0.20 0.82 1.50 
0.39 -7.95 -2.40 -1.57 -6.29 -3.56 -2.51 -8.20 9.57 -3.86 
-4.63 2.55 0.83 1.19 5.49 -4.03 -2.85 -4.08 -5.98 -7.63 
-7.43 -1.15 1.15 4.40 8.03 -6.13 6.71 3.17 5.19 6.86 
6.99 -0.55 -7.73 8.31 7.48 0.74 -5.30 -3.93 -8.31 -2.44 

Matriz B
3.32 -8.00 -1.25 0.34 -7.59 2.03 3.94 8.56 -7.55 1.16 
2.24 3.30 -9.30 6.53 5.41 -5.00 -4.88 -0.65 -4.06 -5.04 
-8.23 -0.51 -5.53 -0.78 2.95 8.78 -2.52 7.60 9.16 9.18 
-7.54 -4.11 -9.82 3.14 7.88 9.77 -6.11 4.20 2.68 0.25 
-4.83 6.30 0.68 -4.25 3.43 -6.62 -8.32 -2.93 9.36 -0.45 
-8.09 8.73 -0.68 5.93 -9.59 -0.91 4.76 -4.45 -0.53 6.44 
5.20 0.96 -2.27 9.62 -9.27 7.38 7.24 -7.73 6.15 6.85 
9.71 -6.09 -3.44 -2.23 -6.52 4.00 3.81 5.39 6.34 -2.35 
-9.03 -8.47 -8.53 -6.23 1.09 3.10 9.75 -7.78 9.93 0.06 
8.57 -2.07 3.97 -2.79 -4.23 8.50 -6.35 1.15 5.74 -2.29 

Matriz C
106.69 -42.93 -68.68 28.95 55.07 -73.88 -98.57 146.13 -51.84 -47.66 
41.67 14.92 170.13 63.83 -197.27 62.83 100.58 74.57 -178.93 123.70 
5.69 -41.95 -170.88 113.13 -37.62 -4.29 62.36 5.10 34.65 28.02 
200.10 -65.14 -21.38 64.05 88.96 90.84 -110.94 177.12 -93.30 -53.12 
-143.29 125.03 -112.80 25.03 143.08 -206.34 51.76 -261.43 124.95 3.47 
80.15 -136.39 106.46 -81.14 -110.45 -0.54 112.13 107.59 -182.01 -33.49 
-137.91 -117.92 37.23 -103.93 50.64 -5.46 159.76 -85.75 -48.40 9.49 
-85.20 128.10 13.49 11.16 197.02 -156.66 -150.94 9.65 -57.65 -31.55 
18.52 -36.97 -63.13 -61.59 68.34 132.77 -81.73 -99.15 313.78 -11.14 
-30.77 59.92 48.85 19.86 81.23 -121.27 -178.65 92.77 -183.49 -78.58 

Vetor V
55.64 -113.34 -60.70 79.35 338.98 -281.99 -134.24 166.62 -322.24 -90.87 

E
-362.79

####### AxB_37 #######
Matriz A
1.50 -9.76 6.88 -1.64 9.70 -4.41 9.94 -2.01 -1.75 8.46 
-6.33 9.74 2.86 7.66 8.84 2.79 0.33 -4.36 5.04 -5.08 
2.61 1.12 7.14 -7.51 -8.02 6.40 -3.53 -0.35 -9.07 0.27 
8.26 -2.83 -6.18 -2.89 2.47 0.03 2.68 -7.25 2.90 1.27 
-4.02 2.05 8.72 -4.23 0.91 -9.86 -6.15 -8.94 8.93 8.72 
-5.56 -3.81 9.90 3.37 2.34 9.26 -1.68 9.56 -8.95 8.87 
0.59 -0.05 -7.19 9.42 1.95 1.60 -3.23 8.98 -3.11 -2.37 
-8.18 6.09 7.90 -3.39 -0.92 8.89 1.17 -6.06 4.28 8.45 
4.52 5.38 -6.15 9.04 -1.76 2.96 -0.52 -6.73 9.93 0.31 
0.17 -4.97 -1.55 0.57 9.99 -2.80 2.13 -8.46 -6.20 7.05 

Matriz B
-3.90 -6.63 5.84 -0.03 6.27 -9.24 5.88 -5.97 4.38 6.55 
-5.82 1.46 -6.45 8.80 -8.67 9.10 -8.60 2.84 -1.43 -8.46 
0.62 4.51 -6.82 1.85 3.41 -6.84 -5.96 1.30 -8.45 -3.40 
-4.79 -1.99 -7.26 4.43 2.88 -1.21 2.66 -5.82 -4.87 4.68 
6.27 5.97 9.80 -4.81 -6.87 1.06 -5.83 -2.19 6.22 5.52 
-3.33 1.56 -2.32 -2.17 -9.69 -0.10 -6.71 2.64 2.49 8.52 
7.64 6.30 0.33 5.39 -9.40 7.12 5.08 0.34 -2.12 7.01 
2.63 8.98 0.83 4.52 -0.40 6.26 -0.99 7.72 0.59 -4.71 
5.03 8.19 -5.39 -1.10 4.16 -9.70 -6.84 -6.82 -7.82 -6.58 
-6.87 4.62 6.74 -4.33 7.31 4.25 -8.49 7.49 0.36 -7.18 

Matriz C
142.31 130.45 210.05 -107.77 50.79 -25.91 13.06 12.09 14.20 107.22 
30.52 91.70 -159.66 75.08 -197.61 31.96 -173.26 -93.37 -85.71 0.99 
-123.26 -104.84 -30.35 2.60 0.02 -1.01 -10.84 135.03 30.42 -6.90 
16.92 -84.83 141.55 -88.35 28.73 -102.73 77.62 -119.22 89.78 124.16 
-17.53 61.84 -32.48 -88.57 226.14 -146.09 -201.14 -28.94 -151.44 -294.48 
-75.96 140.60 16.97 -25.87 -24.59 118.86 -157.83 235.66 1.02 8.14 
-45.11 -17.15 6.99 51.98 -25.65 87.09 65.80 3.80 69.26 69.76 
-61.30 140.92 -116.72 -23.81 -95.74 44.00 -299.93 109.33 -114.85 -129.25 
-90.80 -54.68 -113.30 32.43 21.32 -104.68 -35.12 -178.18 -63.94 23.30 
10.94 -41.99 218.50 -136.52 8.12 26.29 16.79 -19.23 114.85 127.34 

Vetor V
-213.27 262.03 141.56 -308.80 -8.48 -72.21 -704.86 56.97 -96.40 30.27 

E
-913.18

####### AxB_38 #######
Matriz A
0.99 1.56 4.44 6.64 7.97 -3.50 1.68 -3.52 -4.41 9.80 
5.53 -5.51 -6.17 -0.76 7.53 7.35 6.72 8.58 -1.43 7.79 
7.74 7.76 3.19 8.78 2.10 2.95 -8.00 8.25 8.10 -8.83 
-5.35 -3.58 6.33 -0.40 9.12 -0.49 -5.09 8.10 -6.06 9.47 
-5.93 -8.43 -1.14 3.77 1.42 7.75 1.38 -7.36 -2.48 5.28 
-0.86 -8.93 -1.37 9.89 2.17 -2.85 -6.93 7.46 -3.07 3.89 
5.36 -0.05 3.80 4.84 -5.62 6.84 0.44 -2.03 -6.49 -1.65 
-7.49 3.05 0.45 1.83 0.15 7.62 5.38 -3.72 -4.55 -9.93 
1.65 -8.21 -4.74 8.49 -0.66 0.77 -5.83 -7.52 -5.61 5.08 
-5.22 3.07 -4.75 3.38 4.73 -7.32 -8.15 -7.18 3.36 -0.90 

Matriz B
6.55 8.61 -2.08 4.68 9.30 -6.44 6.98 -2.20 -6.48 -7.57 
-3.84 2.69 5.21 -5.45 2.93 3.63 -5.78 9.13 6.99 7.28 
7.29 -1.89 9.13 2.68 7.62 -3.43 -3.92 2.04 1.24 -8.42 
-3.10 -9.73 -7.57 6.80 -8.73 -6.13 -3.18 6.40 7.04 5.73 
-3.13 -0.18 1.04 8.60 -6.12 -7.06 6.17 5.44 -4.75 3.05 
-5.08 9.24 -4.27 4.12 -4.96 4.52 5.43 0.48 -6.91 -1.34 
5.53 -9.03 8.68 -0.82 1.68 -7.37 8.59 7.89 0.04 -2.50 
1.34 9.93 1.66 5.36 -5.16 1.83 1.16 9.49 -7.17 -3.53 
-2.03 8.06 5.62 6.54 4.96 8.34 9.43 3.85 3.97 0.79 
-0.30 8.27 -5.02 -7.16 9.66 9.62 -4.34 6.79 6.50 -0.64 

Matriz C
15.70 -98.68 -45.67 -11.95 52.01 -90.06 -84.23 134.71 114.57 31.99 
3.07 195.82 -88.91 104.60 -52.46 -20.54 203.81 146.40 -190.20 -74.46 
-51.60 169.36 10.68 259.38 -86.24 -31.27 53.28 115.76 -45.22 26.73 
-7.80 85.93 -47.46 25.28 -50.83 28.49 -119.16 116.49 -46.04 -39.40 
-69.06 -98.78 -142.83 -9.69 -89.58 19.86 7.67 -63.33 21.63 25.86 
-27.56 -7.71 -202.24 112.88 -157.87 -34.46 -79.26 22.01 -20.20 6.22 
44.22 -34.13 -76.15 6.43 -0.04 -83.77 -42.73 -52.79 -38.78 -69.51 
-65.36 -208.87 54.14 11.65 -202.24 -100.00 6.90 -16.37 -25.79 78.29 
-52.84 -99.53 -277.84 -13.60 -68.47 -36.79 -83.09 -141.61 48.06 46.69 
-129.95 -107.15 -65.19 -23.77 -66.57 40.14 -99.62 -51.94 159.95 194.41 

Vetor V
-341.18 -203.73 -881.45 461.21 -722.29 -308.38 -236.43 209.33 -22.03 226.82 

E
-1818.13

####### AxB_41 #######
Matriz A
-4.67 7.26 -8.35 -4.85 6.39 2.72 -0.96 0.68 1.55 -6.17 
6.48 -6.73 6.04 -4.92 6.76 -5.98 -8.36 -5.76 -2.32 8.74 
7.09 5.72 8.10 -7.11 -3.68 2.15 -8.91 -9.89 -7.66 4.58 
-5.25 -3.45 7.25 -5.46 4.33 1.12 8.75 -5.41 1.89 -0.92 
-1.86 -4.01 -7.81 0.22 1.95 -2.52 -7.59 -1.44 5.56 -8.99 
7.71 -9.45 -2.94 5.24 3.84 -1.03 -4.56 3.55 -4.45 -8.81 
-1.45 8.15 7.36 8.91 1.10 -8.43 -7.41 -5.02 -8.77 -2.84 
7.15 -1.67 -6.43 -8.59 0.65 -5.98 -9.27 9.58 -2.62 -4.81 
-6.15 0.61 -3.79 7.47 -6.55 -0.52 -1.62 -5.23 1.13 -6.14 
9.75 0.37 -3.15 -6.76 -4.75 0.18 6.50 7.44 0.96 5.49 

Matriz B
4.48 -9.34 7.84 -2.19 9.89 -3.13 4.34 1.99 6.03 -4.21 
7.98 -7.97 5.58 -7.22 1.39 6.33 2.35 1.23 -5.50 -3.92 
0.88 -8.22 3.51 7.84 3.15 -5.79 -0.80 6.50 4.00 7.92 
-2.47 0.88 2.97 9.75 3.19 4.54 4.81 7.22 3.67 9.90 
-2.45 -6.42 4.37 3.41 2.65 -5.34 3.30 -1.08 -9.41 -7.90 
-1.12 4.52 6.13 3.48 2.77 9.10 -7.80 0.72 -5.26 -3.30 
-3.91 -7.44 -8.83 5.03 3.66 1.80 9.03 -8.22 -8.88 4.58 
-1.69 -7.24 5.73 3.37 1.47 0.95 6.42 6.79 -3.32 9.47 
-7.23 -9.72 4.07 -4.97 2.47 4.61 -3.06 -7.82 -1.93 7.24 
1.95 7.06 -7.59 -4.55 -2.92 0.83 -2.84 -6.29 3.22 -7.48 

Matriz C
2.31 -35.01 70.29 -105.85 -34.07 78.47 -11.51 -55.40 -210.32 -122.99 
59.17 56.86 -22.24 -53.67 -10.90 -234.67 -77.43 -10.47 176.02 -210.45 
224.57 93.38 47.98 -128.63 -2.33 -82.89 -158.90 65.16 182.41 -260.71 
-83.58 -61.40 -118.98 79.25 -5.29 -66.54 -16.29 -128.51 -116.71 10.50 
-75.32 39.20 78.99 -57.94 -39.59 -3.55 -53.36 3.95 7.81 15.88 
-37.83 -7.95 132.79 140.12 81.16 -105.68 79.77 169.36 84.15 52.65 
145.08 7.43 62.06 65.64 -19.71 -89.52 54.97 225.32 132.81 16.06 
68.99 -48.26 127.43 -135.80 -6.38 -116.26 39.19 95.34 60.47 -79.65 
-32.81 125.59 -32.20 24.59 -59.78 101.44 -38.08 32.10 45.98 118.06 
37.77 -115.56 -24.81 -102.18 74.43 14.13 84.04 -89.12 -3.50 -31.33 

Vetor V
308.35 54.29 321.32 -274.47 -22.47 -505.07 -97.59 307.73 359.13 -491.97 

E
0.00

####### AxB_39 #######
Matriz A
-6.95 8.66 2.24 -6.63 7.89 -2.49 -3.20 -8.21 5.78 -2.84 
1.15 2.24 -6.03 -6.70 -7.76 -0.63 1.12 8.74 -3.45 -3.26 
5.43 1.60 -6.48 0.00 -2.04 6.96 5.17 -5.18 4.73 -3.97 
-0.06 -0.70 -9.61 1.52 -0.49 7.75 4.07 -1.55 -8.25 2.94 
6.97 6.39 3.90 -8.11 -9.81 0.06 5.46 3.81 -0.39 3.11 
4.68 -6.32 -9.77 -3.75 -3.22 -9.87 -3.33 6.06 8.88 -5.24 
8.22 -7.50 5.19 0.07 5.37 -5.01 -4.04 6.82 5.97 0.03 
-7.99 2.80 -2.50 -3.67 -6.06 -7.27 -7.27 -6.92 0.53 9.52 
2.65 6.32 -7.12 -9.84 8.18 8.59 0.08 -2.51 8.81 -3.71 
-8.81 4.11 -4.57 -6.49 4.11 -9.02 6.39 -2.70 5.70 -7.02 

Matriz B
9.88 -1.29 5.70 -2.18 8.53 -8.13 5.37 7.59 -8.14 -6.67 
-9.87 -7.46 0.14 1.76 3.29 -6.23 0.36 -7.76 8.07 -5.26 
-1.98 8.34 3.85 9.61 -8.58 5.39 -8.56 -4.15 -5.65 0.22 
-8.03 3.05 7.59 0.47 -5.11 -7.85 -8.46 -4.01 -1.89 -4.98 
-4.96 -9.11 2.57 -9.05 9.86 -0.24 4.79 -5.89 8.33 -6.65 
0.10 6.50 3.43 7.32 -9.94 1.22 -4.45 5.81 0.10 -8.23 
-4.06 -5.58 -2.47 -8.70 0.26 -5.00 -1.71 7.22 -5.65 8.70 
-2.03 -8.58 9.54 -1.82 4.68 0.11 -9.66 8.27 0.25 -6.67 
-3.70 -1.58 -0.36 -0.31 -3.31 -0.30 8.19 -1.04 1.11 -5.75 
0.39 3.58 4.57 8.80 4.81 4.45 7.38 9.74 4.12 -9.53 

Matriz C
-137.56 -76.24 -153.84 -24.83 14.37 62.46 162.74 -288.27 202.55 23.09 
82.62 -109.78 -22.35 -47.31 69.84 -20.23 -57.74 137.49 -30.66 71.73 
31.98 -15.25 -57.18 -73.84 -39.77 -125.57 95.10 59.04 -52.59 0.39 
34.64 -1.22 -9.01 -35.73 25.26 -54.27 -5.86 140.46 22.53 -0.96 
84.61 -10.52 6.29 91.99 26.63 -22.29 1.32 179.41 -111.10 20.58 
139.38 -152.83 -43.52 -191.01 161.37 -41.83 147.92 67.57 -46.02 50.68 
97.74 -37.94 135.96 -45.33 114.55 19.21 34.58 59.35 -81.38 -124.31 
2.49 98.51 -127.89 157.68 3.53 133.23 167.75 -81.37 136.65 45.56 
-12.07 -164.76 -79.89 -110.36 91.31 -33.36 230.54 -23.67 150.67 -126.44 
-132.02 -219.90 -212.55 -237.97 77.32 -4.85 118.05 -180.88 116.93 223.09 

Vetor V
191.81 -689.93 -563.97 -516.72 544.42 -87.50 894.40 69.12 307.57 183.41 

E
332.62

####### AxB_41 #######
Matriz A
-4.67 7.26 -8.35 -4.85 6.39 2.72 -0.96 0.68 1.55 -6.17 
6.48 -6.73 6.04 -4.92 6.76 -5.98 -8.36 -5.76 -2.32 8.74 
7.09 5.72 8.10 -7.11 -3.68 2.15 -8.91 -9.89 -7.66 4.58 
-5.25 -3.45 7.25 -5.46 4.33 1.12 8.75 -5.41 1.89 -0.92 
-1.86 -4.01 -7.81 0.22 1.95 -2.52 -7.59 -1.44 5.56 -8.99 
7.71 -9.45 -2.94 5.24 3.84 -1.03 -4.56 3.55 -4.45 -8.81 
-1.45 8.15 7.36 8.91 1.10 -8.43 -7.41 -5.02 -8.77 -2.84 
7.15 -1.67 -6.43 -8.59 0.65 -5.98 -9.27 9.58 -2.62 -4.81 
-6.15 0.61 -3.79 7.47 -6.55 -0.52 -1.62 -5.23 1.13 -6.14 
9.75 0.37 -3.15 -6.76 -4.75 0.18 6.50 7.44 0.96 5.49 

Matriz B
4.48 -9.34 7.84 -2.19 9.89 -3.13 4.34 1.99 6.03 -4.21 
7.98 -7.97 5.58 -7.22 1.39 6.33 2.35 1.23 -5.50 -3.92 
0.88 -8.22 3.51 7.84 3.15 -5.79 -0.80 6.50 4.00 7.92 
-2.47 0.88 2.97 9.75 3.19 4.54 4.81 7.22 3.67 9.90 
-2.45 -6.42 4.37 3.41 2.65 -5.34 3.30 -1.08 -9.41 -7.90 
-1.12 4.52 6.13 3.48 2.77 9.10 -7.80 0.72 -5.26 -3.30 
-3.91 -7.44 -8.83 5.03 3.66 1.80 9.03 -8.22 -8.88 4.58 
-1.69 -7.24 5.73 3.37 1.47 0.95 6.42 6.79 -3.32 9.47 
-7.23 -9.72 4.07 -4.97 2.47 4.61 -3.06 -7.82 -1.93 7.24 
1.95 7.06 -7.59 -4.55 -2.92 0.83 -2.84 -6.29 3.22 -7.48 

Matriz C
2.31 -35.01 70.29 -105.85 -34.07 78.47 -11.51 -55.40 -210.32 -122.99 
59.17 56.86 -22.24 -53.67 -10.90 -234.67 -77.43 -10.47 176.02 -210.45 
224.57 93.38 47.98 -128.63 -2.33 -82.89 -158.90 65.16 182.41 -260.71 
-83.58 -61.40 -118.98 79.25 -5.29 -66.54 -16.29 -128.51 -116.71 10.50 
-75.32 39.20 78.99 -57.94 -39.59 -3.55 -53.36 3.95 7.81 15.88 
-37.83 -7.95 132.79 140.12 81.16 -105.68 79.77 169.36 84.15 52.65 
145.08 7.43 62.06 65.64 -19.71 -89.52 54.97 225.32 132.81 16.06 
68.99 -48.26 127.43 -135.80 -6.38 -116.26 39.19 95.34 60.47 -79.65 
-32.81 125.59 -32.20 24.59 -59.78 101.44 -38.08 32.10 45.98 118.06 
37.77 -115.56 -24.81 -102.18 74.43 14.13 84.04 -89.12 -3.50 -31.33 

Vetor V
308.35 54.29 321.32 -274.47 -22.47 -505.07 -97.59 307.73 359.13 -491.97 

E
-40.78

####### AxB_40 #######
Matriz A
-1.62 -5.65 2.18 3.20 2.80 1.78 -8.85 -5.00 -3.71 2.62 
-1.98 -1.39 8.37 -7.61 7.32 4.29 6.92 -5.79 -4.90 9.09 
-4.65 7.84 4.15 8.19 1.06 0.91 -5.07 -7.83 0.04 6.55 
3.75 -2.14 -2.91 7.73 -6.14 1.10 -4.61 9.77 -9.36 -3.78 
6.68 5.70 -6.62 -8.01 -8.85 -4.76 -4.04 2.25 -0.52 5.26 
-4.15 3.10 1.20 6.83 -9.53 3.73 6.36 7.08 7.36 -7.19 
2.33 -0.60 -0.50 -8.45 -3.90 6.62 -1.16 -2.59 -0.53 7.67 
6.74 0.56 -8.29 8.05 -4.25 -3.05 -9.68 4.94 2.95 4.97 
2.55 -8.56 -9.90 6.64 -2.71 -5.27 -3.20 4.16 -7.59 8.29 
7.44 9.18 -1.28 -4.54 -9.07 4.17 6.07 8.09 1.21 -7.99 

Matriz B
-8.41 -3.76 -0.94 -3.82 3.38 4.92 -0.77 -9.47 -1.77 1.81 
8.61 -8.23 6.56 -5.62 0.50 -5.53 -0.57 3.08 -8.08 3.64 
6.16 -7.88 5.79 -9.54 -2.64 -3.65 -9.28 3.25 -8.13 5.80 
-0.84 0.47 7.01 -1.25 7.85 -0.90 -4.20 -1.20 -8.93 -5.50 
9.52 0.27 7.33 -2.62 1.83 -0.64 -5.16 -7.94 -4.41 7.71 
-2.50 -6.47 -9.90 -7.85 2.34 7.04 2.50 9.61 -8.14 5.47 
0.21 -3.94 -7.00 5.60 -1.17 -6.59 -3.73 2.20 9.41 1.76 
8.17 2.53 -0.81 4.98 7.51 8.72 -9.74 -1.96 5.03 6.47 
-2.84 4.29 -2.00 -1.53 1.17 -2.61 -7.60 2.43 -3.63 1.43 
-5.85 -0.24 -7.34 -0.27 9.20 7.18 -1.13 8.28 -9.12 0.77 

Matriz C
-49.57 31.83 56.60 -77.66 12.92 66.39 67.75 -0.93 -143.47 -48.34 
36.49 -141.54 -101.63 -92.86 -39.47 -18.28 -12.89 123.84 -81.68 136.37 
29.64 -82.73 129.68 -155.26 53.04 -70.97 10.48 130.69 -321.05 -42.19 
-8.04 24.94 34.70 61.43 104.34 158.49 24.75 -84.85 57.62 -62.91 
-125.26 22.90 -92.22 64.13 22.10 90.24 111.61 -4.09 72.46 -45.02 
43.54 -16.71 -39.92 35.69 17.45 -66.74 -120.39 114.53 57.53 -17.92 
-139.19 -53.84 -207.40 -52.60 2.77 114.83 100.27 143.93 -48.41 38.10 
-141.65 119.84 26.19 39.75 190.83 169.18 11.87 -76.93 -99.65 -104.60 
-167.96 163.94 -63.65 185.15 167.68 191.37 87.44 -84.78 83.45 -153.39 
26.30 -121.34 -86.59 3.49 -27.80 -0.22 -24.39 5.48 135.95 75.91 

Vetor V
-495.71 -52.71 -344.24 11.26 503.86 634.29 256.49 266.89 -287.25 -223.99 

E
268.90

####### AxB_42 #######
Matriz A
-4.80 -4.29 -7.06 -9.53 -0.23 -6.27 -9.34 6.94 2.93 -0.33 
-6.61 -7.41 4.88 -7.53 4.21 -9.97 -3.24 -3.59 -7.30 -4.56 
-3.39 9.12 -1.65 3.13 1.55 -0.27 2.97 -1.32 7.90 -5.55 
4.48 -0.58 -1.36 -2.94 3.56 -9.41 8.64 9.29 -1.74 3.46 
9.70 0.76 7.76 2.12 -1.34 8.20 -0.74 2.01 9.77 5.65 
8.18 8.60 5.62 -5.76 -3.25 -2.96 -6.23 -2.88 3.93 -6.75 
-7.29 -1.30 8.72 9.08 -3.85 5.32 -0.16 4.74 2.41 -3.51 
-5.68 -4.97 4.67 9.65 -9.72 -9.62 -4.67 -3.86 5.95 -8.66 
-1.95 4.04 3.92 -1.61 -1.66 -6.35 8.09 7.30 -8.47 0.24 
-4.72 7.99 7.27 -1.24 6.67 1.08 4.69 -9.14 0.95 8.19 

Matriz B
0.30 -1.69 8.32 -6.25 -0.87 -7.58 4.29 0.65 9.13 -1.44 
-5.23 0.51 7.73 -9.35 2.61 5.01 0.89 1.59 -0.66 -4.11 
-5.82 8.67 7.48 7.41 5.52 -5.00 7.94 3.56 0.59 -9.96 
6.79 -6.29 7.42 -8.41 4.37 -0.58 8.42 -0.30 4.37 5.13 
-7.10 9.89 9.41 6.85 7.03 -8.21 -3.43 7.73 -4.02 9.30 
5.72 0.74 -6.30 -1.92 3.53 -8.25 -0.78 1.05 -7.78 -9.69 
-4.89 6.84 5.86 -5.82 -1.10 2.35 5.91 3.74 3.90 -1.08 
7.97 -1.47 -3.35 0.68 5.95 8.17 9.63 -2.36 -2.05 -5.75 
5.01 9.13 -5.47 7.38 3.98 -4.78 -9.47 -8.73 -5.78 -5.90 
-9.56 1.34 2.87 7.37 2.67 9.72 7.12 9.43 -2.52 -3.54 

Matriz C
81.96 -50.04 -254.24 186.68 -49.04 126.87 -173.49 -120.58 -103.86 58.65 
-135.43 41.68 -9.33 187.00 -84.18 -5.74 -83.33 42.71 23.57 171.86 
37.18 78.46 32.15 -92.28 46.77 -28.19 -107.77 -89.90 -45.78 -5.66 
-96.77 61.27 132.54 3.22 14.13 158.20 159.92 73.88 102.52 53.96 
39.16 119.51 47.79 66.44 131.91 -143.50 82.64 -6.77 -34.22 -263.83 
-16.47 29.64 54.17 -44.47 -24.78 -115.14 -97.50 -101.97 59.15 -110.20 
157.47 5.24 -47.92 5.45 111.08 -19.69 119.20 -68.58 -62.21 -140.66 
181.29 -99.94 -81.84 -8.05 -59.64 -6.75 -52.39 -225.06 87.40 57.21 
-106.10 -4.05 126.74 -85.04 -5.78 203.84 223.48 89.33 95.82 -16.59 
-304.43 214.81 200.04 96.57 76.48 -12.08 -0.56 196.63 -73.81 -40.35 

Vetor V
-162.14 396.59 200.10 315.50 156.95 157.83 70.20 -210.31 48.57 -235.62 

E
737.65

####### AxB_46 #######
Matriz A
4.20 -7.63 -9.68 -7.82 7.30 2.49 2.73 9.12 9.23 -2.18 
8.09 1.16 -3.06 0.64 -7.36 -0.61 8.18 -3.64 -2.83 -5.59 
1.79 5.55 -7.57 7.20 4.47 9.53 9.66 5.85 -8.60 -6.59 
-4.90 9.80 0.29 -8.06 -9.85 3.49 8.57 -7.25 2.17 2.90 
1.88 -8.12 -8.39 -3.35 5.82 -5.30 -7.56 1.04 6.95 0.85 
3.58 0.48 -0.83 5.48 -5.16 0.63 -2.43 -9.01 -5.85 3.46 
2.74 -2.14 -5.27 -6.74 -7.56 7.93 -2.46 8.39 -1.03 -0.76 
2.16 -8.96 7.10 5.92 -4.17 -6.52 8.79 9.65 0.52 -6.96 
-3.12 0.68 -2.17 6.63 -0.06 -2.79 -5.36 -5.06 -1.86 -6.57 
-6.51 -8.76 -0.79 3.96 1.69 2.63 -3.95 -3.07 -7.01 -7.32 

Matriz B
4.04 -9.26 -5.40 0.68 2.58 2.71 -5.77 -1.23 7.55 -9.84 
2.66 7.33 0.22 3.95 -0.50 -1.24 -5.24 2.37 -8.35 0.96 
9.83 -4.73 8.86 -0.01 6.64 5.62 1.43 -2.22 5.95 5.19 
-9.98 4.36 1.98 -4.04 -0.92 3.98 -6.06 3.05 4.52 -0.39 
-6.11 -6.89 -9.32 3.97 -8.11 -1.47 6.44 8.53 -9.81 2.85 
-5.45 -6.98 -9.67 -3.38 -0.87 0.65 -5.98 -7.17 -2.71 -2.80 
3.01 -9.73 -7.85 -8.36 1.94 2.23 -9.45 8.50 -7.71 -5.67 
0.52 -5.06 -1.23 -9.05 7.46 -5.94 -2.08 -0.96 8.11 7.49 
8.36 4.08 3.39 -2.89 -6.00 4.92 -7.41 -1.03 1.45 1.61 
9.16 1.35 2.07 6.49 -6.78 -1.95 -3.11 -8.38 -9.44 0.49 

Matriz C
-8.46 -188.80 -223.59 -121.21 -71.07 -72.22 -24.97 42.02 10.99 -15.39 
-4.54 -74.44 -75.68 -83.17 103.20 53.10 -136.14 65.92 66.01 -194.83 
-303.67 -173.59 -320.90 -171.95 59.07 -58.96 -141.30 160.09 -92.30 -96.36 
197.46 90.27 28.28 23.55 -1.50 28.07 -149.13 -51.75 -215.46 -73.55 
-26.05 42.84 -12.51 63.06 -140.68 -47.82 124.32 -5.04 42.98 25.16 
-48.23 79.38 43.76 100.80 -20.54 46.82 -20.27 -68.22 -3.72 -119.11 
5.20 -72.53 -77.60 -93.44 102.91 -89.00 -51.60 -160.18 122.10 -22.73 
28.69 -160.84 69.39 -259.92 224.35 60.73 -64.45 112.82 295.65 30.92 
-177.22 154.23 66.83 36.33 -18.43 24.93 82.85 66.25 55.58 11.42 
-260.69 2.56 -11.25 -23.64 23.83 -7.02 171.92 34.57 77.98 31.99 

Vetor V
0.00 0.00 0.00 0.00 0.00 0.00 0.00 0.00 0.00 0.00 

E
0.00

####### AxB_47 #######
Matriz A
-8.68 -9.27 1.23 6.11 -5.83 -7.87 -9.89 4.87 5.68 -4.42 
5.82 -0.56 0.91 -7.43 -4.67 -0.39 -9.35 8.75 2.83 4.64 
-0.04 0.58 -7.70 -5.77 3.70 6.65 6.23 6.55 -9.06 4.63 
-4.79 1.56 -4.82 5.20 -7.75 -9.76 -8.17 7.95 -2.38 6.48 
-1.23 -9.36 5.85 -2.33 3.70 -8.68 6.93 -0.45 -5.90 1.31 
-6.28 -8.54 -7.62 -8.74 9.89 -6.68 9.05 0.08 -9.90 -4.45 
4.42 -8.15 -5.01 -9.04 -8.26 4.12 -2.12 1.27 -3.39 -1.59 
-3.32 4.97 -0.30 6.87 9.59 7.51 4.62 1.06 -4.57 4.51 
-0.91 -5.00 -9.93 4.56 3.28 8.55 -0.12 -3.53 -7.47 1.45 
-7.47 -5.47 6.08 -3.39 9.66 1.55 4.26 7.89 -9.69 1.11 

Matriz B
8.41 -8.28 -5.40 -0.11 -2.63 -4.21 8.10 8.84 4.95 8.39 
-3.27 7.88 -0.00 -2.46 9.65 1.37 8.13 1.86 9.48 -7.60 
-0.78 -4.67 7.47 6.68 -2.94 -1.23 -9.59 -0.70 3.41 -7.71 
-0.96 2.30 0.13 4.23 5.35 -5.26 8.14 -5.92 -5.83 -8.83 
-6.91 1.55 5.86 -8.07 -0.55 9.01 -6.49 1.39 5.85 6.55 
-0.72 -6.88 0.84 5.05 4.87 -5.73 7.43 -8.76 -6.33 -0.14 
-9.64 -3.42 3.40 -2.03 -5.72 -3.20 7.79 -0.48 1.13 7.91 
-5.98 -8.72 3.04 0.67 -0.73 -6.46 8.18 -5.12 -7.21 9.28 
9.68 5.81 -5.83 3.75 5.66 4.26 3.89 1.32 -1.07 -8.00 
-9.18 6.06 -0.82 0.82 5.90 -2.52 -1.46 -8.11 -2.56 -6.35 

Matriz C
158.22 49.81 -32.23 106.14 -13.59 18.28 -137.03 -47.01 -187.61 -153.30 
112.36 -78.26 -78.78 50.36 28.02 -53.39 3.77 16.47 -43.49 36.28 
-250.47 -115.43 59.33 -111.98 -36.56 -76.50 116.77 -98.87 -50.11 282.02 
-37.34 125.62 -58.13 18.04 92.06 -64.70 22.88 -84.60 -119.82 -123.15 
-134.63 -76.91 119.95 -56.73 -226.04 32.78 -224.19 43.16 29.34 151.26 
-216.79 -54.66 120.58 -238.81 -262.34 137.03 -193.04 76.21 44.70 393.64 
125.14 -172.52 -89.69 26.46 -116.67 -85.95 11.23 36.30 -98.02 195.03 
-258.72 22.79 120.96 -46.38 99.17 -24.07 86.17 -163.28 -10.91 -7.91 
-80.11 -32.17 -11.05 -46.88 17.11 -46.52 65.58 -111.22 -117.69 103.79 
-306.53 -146.08 237.28 -68.36 -145.34 3.78 -183.65 -124.78 -46.18 202.40 

Vetor V
-888.88 -477.81 388.22 -368.14 -564.16 -159.24 -431.51 -457.62 -599.80 1080.05 

E
0.00

####### AxB_47 #######
Matriz A
-8.68 -9.27 1.23 6.11 -5.83 -7.87 -9.89 4.87 5.68 -4.42 
5.82 -0.56 0.91 -7.43 -4.67 -0.39 -9.35 8.75 2.83 4.64 
-0.04 0.58 -7.70 -5.77 3.70 6.65 6.23 6.55 -9.06 4.63 
-4.79 1.56 -4.82 5.20 -7.75 -9.76 -8.17 7.95 -2.38 6.48 
-1.23 -9.36 5.85 -2.33 3.70 -8.68 6.93 -0.45 -5.90 1.31 
-6.28 -8.54 -7.62 -8.74 9.89 -6.68 9.05 0.08 -9.90 -4.45 
4.42 -8.15 -5.01 -9.04 -8.26 4.12 -2.12 1.27 -3.39 -1.59 
-3.32 4.97 -0.30 6.87 9.59 7.51 4.62 1.06 -4.57 4.51 
-0.91 -5.00 -9.93 4.56 3.28 8.55 -0.12 -3.53 -7.47 1.45 
-7.47 -5.47 6.08 -3.39 9.66 1.55 4.26 7.89 -9.69 1.11 

Matriz B
8.41 -8.28 -5.40 -0.11 -2.63 -4.21 8.10 8.84 4.95 8.39 
-3.27 7.88 -0.00 -2.46 9.65 1.37 8.13 1.86 9.48 -7.60 
-0.78 -4.67 7.47 6.68 -2.94 -1.23 -9.59 -0.70 3.41 -7.71 
-0.96 2.30 0.13 4.23 5.35 -5.26 8.14 -5.92 -5.83 -8.83 
-6.91 1.55 5.86 -8.07 -0.55 9.01 -6.49 1.39 5.85 6.55 
-0.72 -6.88 0.84 5.05 4.87 -5.73 7.43 -8.76 -6.33 -0.14 
-9.64 -3.42 3.40 -2.03 -5.72 -3.20 7.79 -0.48 1.13 7.91 
-5.98 -8.72 3.04 0.67 -0.73 -6.46 8.18 -5.12 -7.21 9.28 
9.68 5.81 -5.83 3.75 5.66 4.26 3.89 1.32 -1.07 -8.00 
-9.18 6.06 -0.82 0.82 5.90 -2.52 -1.46 -8.11 -2.56 -6.35 

Matriz C
158.22 49.81 -32.23 106.14 -13.59 18.28 -137.03 -47.01 -187.61 -153.30 
112.36 -78.26 -78.78 50.36 28.02 -53.39 3.77 16.47 -43.49 36.28 
-250.47 -115.43 59.33 -111.98 -36.56 -76.50 116.77 -98.87 -50.11 282.02 
-37.34 125.62 -58.13 18.04 92.06 -64.70 22.88 -84.60 -119.82 -123.15 
-134.63 -76.91 119.95 -56.73 -226.04 32.78 -224.19 43.16 29.34 151.26 
-216.79 -54.66 120.58 -238.81 -262.34 137.03 -193.04 76.21 44.70 393.64 
125.14 -172.52 -89.69 26.46 -116.67 -85.95 11.23 36.30 -98.02 195.03 
-258.72 22.79 120.96 -46.38 99.17 -24.07 86.17 -163.28 -10.91 -7.91 
-80.11 -32.17 -11.05 -46.88 17.11 -46.52 65.58 -111.22 -117.69 103.79 
-306.53 -146.08 237.28 -68.36 -145.34 3.78 -183.65 -124.78 -46.18 202.40 

Vetor V
-888.88 -477.81 388.22 -368.14 -564.16 -159.24 -431.51 -457.62 -599.80 1080.05 

E
-2478.89

####### AxB_46 #######
Matriz A
4.20 -7.63 -9.68 -7.82 7.30 2.49 2.73 9.12 9.23 -2.18 
8.09 1.16 -3.06 0.64 -7.36 -0.61 8.18 -3.64 -2.83 -5.59 
1.79 5.55 -7.57 7.20 4.47 9.53 9.66 5.85 -8.60 -6.59 
-4.90 9.80 0.29 -8.06 -9.85 3.49 8.57 -7.25 2.17 2.90 
1.88 -8.12 -8.39 -3.35 5.82 -5.30 -7.56 1.04 6.95 0.85 
3.58 0.48 -0.83 5.48 -5.16 0.63 -2.43 -9.01 -5.85 3.46 
2.74 -2.14 -5.27 -6.74 -7.56 7.93 -2.46 8.39 -1.03 -0.76 
2.16 -8.96 7.10 5.92 -4.17 -6.52 8.79 9.65 0.52 -6.96 
-3.12 0.68 -2.17 6.63 -0.06 -2.79 -5.36 -5.06 -1.86 -6.57 
-6.51 -8.76 -0.79 3.96 1.69 2.63 -3.95 -3.07 -7.01 -7.32 

Matriz B
4.04 -9.26 -5.40 0.68 2.58 2.71 -5.77 -1.23 7.55 -9.84 
2.66 7.33 0.22 3.95 -0.50 -1.24 -5.24 2.37 -8.35 0.96 
9.83 -4.73 8.86 -0.01 6.64 5.62 1.43 -2.22 5.95 5.19 
-9.98 4.36 1.98 -4.04 -0.92 3.98 -6.06 3.05 4.52 -0.39 
-6.11 -6.89 -9.32 3.97 -8.11 -1.47 6.44 8.53 -9.81 2.85 
-5.45 -6.98 -9.67 -3.38 -0.87 0.65 -5.98 -7.17 -2.71 -2.80 
3.01 -9.73 -7.85 -8.36 1.94 2.23 -9.45 8.50 -7.71 -5.67 
0.52 -5.06 -1.23 -9.05 7.46 -5.94 -2.08 -0.96 8.11 7.49 
8.36 4.08 3.39 -2.89 -6.00 4.92 -7.41 -1.03 1.45 1.61 
9.16 1.35 2.07 6.49 -6.78 -1.95 -3.11 -8.38 -9.44 0.49 

Matriz C
-8.46 -188.80 -223.59 -121.21 -71.07 -72.22 -24.97 42.02 10.99 -15.39 
-4.54 -74.44 -75.68 -83.17 103.20 53.10 -136.14 65.92 66.01 -194.83 
-303.67 -173.59 -320.90 -171.95 59.07 -58.96 -141.30 160.09 -92.30 -96.36 
197.46 90.27 28.28 23.55 -1.50 28.07 -149.13 -51.75 -215.46 -73.55 
-26.05 42.84 -12.51 63.06 -140.68 -47.82 124.32 -5.04 42.98 25.16 
-48.23 79.38 43.76 100.80 -20.54 46.82 -20.27 -68.22 -3.72 -119.11 
5.20 -72.53 -77.60 -93.44 102.91 -89.00 -51.60 -160.18 122.10 -22.73 
28.69 -160.84 69.39 -259.92 224.35 60.73 -64.45 112.82 295.65 30.92 
-177.22 154.23 66.83 36.33 -18.43 24.93 82.85 66.25 55.58 11.42 
-260.69 2.56 -11.25 -23.64 23.83 -7.02 171.92 34.57 77.98 31.99 

Vetor V
-597.50 -300.92 -513.27 -529.59 261.15 -61.38 -208.78 196.48 359.82 -422.48 

E
-1816.47

####### AxB_48 #######
Matriz A
1.01 9.50 -9.75 -1.79 4.33 7.96 -2.74 -0.93 9.48 -6.83 
-1.64 8.31 -6.41 -4.77 8.45 8.42 3.23 -6.31 4.09 -4.22 
-3.04 2.01 -1.60 -9.91 9.53 2.94 -3.29 1.04 4.28 6.76 
9.30 9.82 -2.47 -5.52 8.70 -7.72 6.00 0.49 -6.09 -7.81 
-1.42 -4.17 -4.08 4.10 -3.67 3.84 -3.75 -8.32 5.89 -2.15 
-8.98 -6.06 0.48 -2.08 1.49 9.61 1.99 -0.78 -3.53 -3.91 
-1.87 5.51 -1.60 6.20 5.12 -4.49 -6.61 5.16 7.43 -4.76 
3.12 6.31 1.12 4.64 7.90 -5.21 -3.87 7.38 -3.54 -6.99 
-5.32 9.77 6.15 -9.23 -9.89 -3.63 9.37 -5.16 -9.73 7.55 
-6.72 -6.54 -0.86 9.59 -4.53 4.29 -8.74 -6.22 -5.83 7.86 

Matriz B
2.29 2.61 -2.78 -5.17 -6.40 5.48 -4.94 2.48 3.37 10.00 
4.63 2.28 -8.90 0.26 -3.96 0.19 -3.29 -7.29 -2.56 -2.85 
6.97 -4.29 -0.05 -3.03 5.62 -5.15 -7.76 1.31 -1.29 4.87 
6.10 1.76 9.46 -6.48 0.44 -7.73 -8.41 -4.61 0.03 -7.12 
-4.57 8.37 2.69 -9.11 2.80 1.62 -5.18 -0.03 -9.28 0.42 
-7.16 4.51 2.75 7.50 -6.52 1.06 1.49 7.06 7.65 -1.37 
2.60 7.00 -0.15 6.53 -6.89 -4.13 6.56 2.94 -4.91 2.32 
-5.50 -4.98 4.22 -8.75 4.92 2.70 -4.13 -5.60 0.46 10.00 
-8.45 9.22 5.51 -0.65 8.74 0.53 -5.06 -5.21 -8.83 -1.08 
-4.75 -6.16 6.42 -5.52 6.53 5.44 -4.34 8.08 -0.25 -4.64 

Matriz C
-159.03 250.04 -65.39 80.43 -86.88 63.52 11.44 -122.63 -56.66 -55.00 
-109.37 260.21 -99.99 144.08 -136.88 33.92 84.26 -2.44 -86.50 -85.77 
-216.41 48.71 2.48 -50.14 114.99 142.56 -17.69 58.69 -102.42 -6.61 
132.85 117.07 -245.70 -57.47 -183.18 44.96 32.82 -97.56 -104.08 168.15 
-40.26 80.84 64.84 110.64 -8.50 -36.68 31.94 17.36 37.82 -146.46 
-75.72 22.19 41.49 159.07 -49.17 -57.62 135.77 96.94 66.28 -49.15 
-29.09 73.92 49.46 -171.41 132.28 -26.08 -163.44 -232.84 -129.61 -27.71 
86.13 15.09 -46.73 -207.95 5.86 -20.06 -140.19 -185.95 -64.71 97.17 
189.90 -178.32 -224.70 205.08 -103.85 -24.21 169.10 109.00 48.51 -38.94 
20.24 -162.83 160.66 4.70 57.63 -51.59 -25.67 119.12 159.92 -241.46 

Vetor V
-200.75 526.93 -363.57 217.02 -257.70 68.73 118.35 -240.29 -231.45 -385.79 

E
-748.52

####### AxB_49 #######
Matriz A
-6.12 -8.61 -3.33 8.82 3.53 -6.91 4.03 -2.91 9.91 -9.16 
5.13 -8.96 7.53 -2.81 9.40 -9.59 7.38 1.61 6.33 -9.86 
-8.94 -9.64 -4.78 -3.01 -9.63 -8.19 -9.20 -7.65 5.34 7.47 
-3.26 1.01 1.11 6.72 0.41 -6.38 -0.07 -2.80 8.70 2.35 
-0.43 -1.09 9.62 -0.60 2.76 -8.52 -8.98 7.66 9.66 -6.81 
-1.88 5.53 -6.22 9.71 0.40 3.35 7.33 2.65 -1.46 4.38 
3.61 -1.52 -6.30 9.23 3.41 -5.53 3.19 4.57 -0.48 -9.68 
-7.38 -2.78 8.44 2.10 -5.31 8.50 -7.47 -7.14 1.76 -4.38 
-1.08 -8.03 -0.23 8.68 -1.73 -1.51 6.58 -4.55 -6.41 -0.77 
4.69 -0.96 -8.41 9.81 1.63 0.10 -2.99 -0.91 0.40 -5.57 

Matriz B
-7.26 -5.04 7.69 4.00 -7.18 1.46 9.09 1.56 -0.79 3.39 
-6.74 -5.01 -7.57 3.70 -8.87 -4.11 1.37 6.30 -2.84 -0.48 
6.63 -6.78 2.84 1.00 -3.65 -7.48 -6.51 4.66 4.09 1.35 
6.94 -2.33 8.17 2.16 -5.52 -5.25 -9.58 2.93 7.19 -7.86 
-9.87 -0.06 -2.88 3.24 -1.06 6.57 0.17 0.59 -2.49 3.95 
9.76 -0.74 -5.65 4.96 6.62 0.20 2.13 1.50 -6.33 1.54 
-7.12 4.57 -2.19 -6.06 8.16 -9.32 -3.17 0.77 -1.01 0.12 
0.51 -7.63 1.21 6.71 8.15 7.79 9.56 7.37 -3.27 -6.44 
-8.52 3.32 5.30 -1.80 9.24 -1.57 -3.88 -2.41 -9.41 -1.80 
0.58 -0.63 -3.27 3.46 1.74 7.93 5.57 -3.76 0.37 -5.40 

Matriz C
-80.61 160.20 179.72 -156.93 119.09 -121.56 -274.43 -69.53 22.84 -36.28 
-244.18 29.73 184.39 -107.71 71.89 -81.78 -94.06 8.94 -6.65 108.67 
112.85 168.76 54.83 -133.88 64.67 90.22 -76.68 -228.16 55.89 -60.91 
-69.15 41.33 95.40 -49.89 -8.28 -67.26 -160.59 -33.68 20.16 -81.39 
-58.72 -113.18 169.95 34.12 -11.81 25.67 -53.67 76.25 -23.87 -16.47 
-4.59 4.49 -49.64 36.75 30.85 -37.27 -22.68 48.86 7.24 -124.22 
-103.21 -1.27 145.86 -15.22 -38.62 -38.66 -46.36 61.15 51.35 -39.04 
310.23 11.98 4.06 -22.84 -13.36 -130.19 -204.56 -20.07 35.47 28.89 
128.01 72.22 84.89 -90.14 -20.21 -116.90 -149.76 -41.32 167.26 -31.71 
-16.18 13.28 120.12 25.79 -87.49 8.91 -29.22 2.90 30.64 -30.65 

Vetor V
-25.56 387.54 989.58 -479.95 106.73 -468.83 -1112.00 -194.68 360.32 -283.12 

E
-719.96

####### AxB_50 #######
Matriz A
1.84 -0.55 -1.08 -6.87 0.30 -2.33 3.41 -0.16 0.47 -2.77 
-7.35 7.67 -6.98 9.13 -0.70 -1.22 8.13 1.89 -7.20 -6.31 
-1.12 4.14 -1.94 -6.58 -7.81 -2.14 6.89 -1.49 5.80 -3.31 
-6.13 -1.16 2.48 8.47 1.32 -5.55 3.43 9.10 -9.09 -0.78 
5.72 8.49 -2.43 4.43 9.73 5.39 -6.19 5.38 -2.30 -8.44 
0.42 -2.26 -2.49 -5.39 -5.04 -8.64 -8.01 -7.65 -6.95 4.91 
8.31 7.96 7.87 -3.61 -4.39 -3.51 3.64 5.08 -9.78 6.16 
-4.61 2.04 3.74 0.75 4.04 -7.97 -3.94 -9.59 9.64 -0.54 
7.61 4.14 -7.94 3.03 0.04 -0.12 9.89 9.37 8.70 6.66 
-5.91 8.80 -1.64 -0.66 0.71 -7.16 7.78 0.06 7.54 -5.22 

Matriz B
5.32 -0.61 4.44 -9.33 -3.36 -9.61 2.73 4.43 -0.41 -0.30 
4.52 0.53 -7.84 -1.54 -3.27 7.89 6.15 5.37 -4.94 -5.37 
-5.45 -6.75 6.08 7.36 -7.68 -5.23 -4.27 1.20 -0.41 -3.64 
9.74 -9.11 -6.92 5.48 1.47 -4.12 5.45 -3.99 -0.41 3.14 
-8.83 4.65 0.28 0.37 4.76 4.04 4.22 5.66 -6.90 -2.97 
9.24 -2.85 6.54 0.17 1.56 -9.24 0.32 6.94 4.78 -1.14 
9.15 -4.39 2.13 -8.98 -6.05 0.78 -8.92 -1.99 0.26 6.56 
-9.65 2.32 4.46 -1.31 -6.73 2.84 -8.02 -9.71 -6.29 5.06 
-6.84 3.66 0.94 -8.10 -9.00 -9.45 0.05 -9.05 -6.90 4.98 
-1.43 -8.21 -6.25 9.08 -2.75 -8.74 8.99 -7.24 -4.14 9.44 

Matriz C
-44.41 85.62 62.61 -121.57 -24.56 56.65 -84.68 27.41 2.13 -15.72 
231.86 -33.14 -148.14 -19.50 81.65 273.38 -41.44 27.71 29.27 -13.96 
50.91 60.40 14.30 -186.47 -119.82 44.17 -117.79 -45.63 12.01 25.44 
-24.95 -89.63 -53.36 147.02 17.38 179.74 -95.55 -102.53 -22.28 43.96 
8.33 107.47 12.78 -65.00 78.07 101.93 81.21 184.82 -71.12 -164.11 
-41.19 17.31 -104.57 131.19 128.70 67.62 121.07 37.33 81.36 -50.55 
50.84 -122.06 5.85 41.94 -131.20 27.20 -19.61 41.54 -19.99 -9.15 
-146.37 48.08 -108.63 36.60 -8.90 11.02 110.26 -22.79 -80.98 -55.21 
61.56 -20.44 -39.28 -230.30 -193.18 -116.25 -6.27 -203.90 -166.38 232.41 
-35.08 85.50 -90.71 -153.47 -106.06 187.16 -74.33 -70.44 -108.00 4.08 

Vetor V
111.50 139.10 -449.17 -419.56 -277.92 832.63 -127.14 -126.48 -343.97 -2.81 

E
-663.84

